ARM GAS  C:\Users\joopt\AppData\Local\Temp\ccIlN2sE.s 			page 1


   1              		.cpu cortex-m4
   2              		.eabi_attribute 27, 1
   3              		.eabi_attribute 28, 1
   4              		.eabi_attribute 20, 1
   5              		.eabi_attribute 21, 1
   6              		.eabi_attribute 23, 3
   7              		.eabi_attribute 24, 1
   8              		.eabi_attribute 25, 1
   9              		.eabi_attribute 26, 1
  10              		.eabi_attribute 30, 1
  11              		.eabi_attribute 34, 1
  12              		.eabi_attribute 18, 4
  13              		.file	"main.c"
  14              		.text
  15              	.Ltext0:
  16              		.cfi_sections	.debug_frame
  17              		.section	.text.MX_GPIO_Init,"ax",%progbits
  18              		.align	1
  19              		.arch armv7e-m
  20              		.syntax unified
  21              		.thumb
  22              		.thumb_func
  23              		.fpu fpv4-sp-d16
  25              	MX_GPIO_Init:
  26              	.LFB127:
  27              		.file 1 "Src/main.c"
   1:Src/main.c    **** /* USER CODE BEGIN Header */
   2:Src/main.c    **** /**
   3:Src/main.c    ****   ******************************************************************************
   4:Src/main.c    ****   * @file           : main.c
   5:Src/main.c    ****   * @brief          : Main program body
   6:Src/main.c    ****   ******************************************************************************
   7:Src/main.c    ****   * @attention
   8:Src/main.c    ****   *
   9:Src/main.c    ****   * <h2><center>&copy; Copyright (c) 2020 STMicroelectronics.
  10:Src/main.c    ****   * All rights reserved.</center></h2>
  11:Src/main.c    ****   *
  12:Src/main.c    ****   * This software component is licensed by ST under BSD 3-Clause license,
  13:Src/main.c    ****   * the "License"; You may not use this file except in compliance with the
  14:Src/main.c    ****   * License. You may obtain a copy of the License at:
  15:Src/main.c    ****   *                        opensource.org/licenses/BSD-3-Clause
  16:Src/main.c    ****   *
  17:Src/main.c    ****   ******************************************************************************
  18:Src/main.c    ****   */
  19:Src/main.c    **** /* USER CODE END Header */
  20:Src/main.c    **** 
  21:Src/main.c    **** /* Includes ------------------------------------------------------------------*/
  22:Src/main.c    **** #include "main.h"
  23:Src/main.c    **** 
  24:Src/main.c    **** /* Private includes ----------------------------------------------------------*/
  25:Src/main.c    **** /* USER CODE BEGIN Includes */
  26:Src/main.c    **** 
  27:Src/main.c    **** /* USER CODE END Includes */
  28:Src/main.c    **** 
  29:Src/main.c    **** /* Private typedef -----------------------------------------------------------*/
  30:Src/main.c    **** /* USER CODE BEGIN PTD */
  31:Src/main.c    **** 
ARM GAS  C:\Users\joopt\AppData\Local\Temp\ccIlN2sE.s 			page 2


  32:Src/main.c    **** /* USER CODE END PTD */
  33:Src/main.c    **** 
  34:Src/main.c    **** /* Private define ------------------------------------------------------------*/
  35:Src/main.c    **** /* USER CODE BEGIN PD */
  36:Src/main.c    **** /* USER CODE END PD */
  37:Src/main.c    **** 
  38:Src/main.c    **** /* Private macro -------------------------------------------------------------*/
  39:Src/main.c    **** /* USER CODE BEGIN PM */
  40:Src/main.c    **** 
  41:Src/main.c    **** /* USER CODE END PM */
  42:Src/main.c    **** 
  43:Src/main.c    **** /* Private variables ---------------------------------------------------------*/
  44:Src/main.c    **** TIM_HandleTypeDef htim1;
  45:Src/main.c    **** 
  46:Src/main.c    **** UART_HandleTypeDef huart2;
  47:Src/main.c    **** 
  48:Src/main.c    **** /* USER CODE BEGIN PV */
  49:Src/main.c    **** 
  50:Src/main.c    **** /* USER CODE END PV */
  51:Src/main.c    **** 
  52:Src/main.c    **** /* Private function prototypes -----------------------------------------------*/
  53:Src/main.c    **** void SystemClock_Config(void);
  54:Src/main.c    **** static void MX_GPIO_Init(void);
  55:Src/main.c    **** static void MX_TIM1_Init(void);
  56:Src/main.c    **** static void MX_USART2_UART_Init(void);
  57:Src/main.c    **** /* USER CODE BEGIN PFP */
  58:Src/main.c    **** 
  59:Src/main.c    **** /* USER CODE END PFP */
  60:Src/main.c    **** 
  61:Src/main.c    **** /* Private user code ---------------------------------------------------------*/
  62:Src/main.c    **** /* USER CODE BEGIN 0 */
  63:Src/main.c    **** 
  64:Src/main.c    **** /* USER CODE END 0 */
  65:Src/main.c    **** 
  66:Src/main.c    **** /**
  67:Src/main.c    ****   * @brief  The application entry point.
  68:Src/main.c    ****   * @retval int
  69:Src/main.c    ****   */
  70:Src/main.c    **** int main(void)
  71:Src/main.c    **** {
  72:Src/main.c    ****   /* USER CODE BEGIN 1 */
  73:Src/main.c    **** 
  74:Src/main.c    ****   /* USER CODE END 1 */
  75:Src/main.c    **** 
  76:Src/main.c    ****   /* MCU Configuration--------------------------------------------------------*/
  77:Src/main.c    **** 
  78:Src/main.c    ****   /* Reset of all peripherals, Initializes the Flash interface and the Systick. */
  79:Src/main.c    ****   HAL_Init();
  80:Src/main.c    **** 
  81:Src/main.c    ****   /* USER CODE BEGIN Init */
  82:Src/main.c    **** 
  83:Src/main.c    ****   /* USER CODE END Init */
  84:Src/main.c    **** 
  85:Src/main.c    ****   /* Configure the system clock */
  86:Src/main.c    ****   SystemClock_Config();
  87:Src/main.c    **** 
  88:Src/main.c    ****   /* USER CODE BEGIN SysInit */
ARM GAS  C:\Users\joopt\AppData\Local\Temp\ccIlN2sE.s 			page 3


  89:Src/main.c    **** 
  90:Src/main.c    ****   /* USER CODE END SysInit */
  91:Src/main.c    **** 
  92:Src/main.c    ****   /* Initialize all configured peripherals */
  93:Src/main.c    ****   MX_GPIO_Init();
  94:Src/main.c    ****   MX_TIM1_Init();
  95:Src/main.c    ****   MX_USART2_UART_Init();
  96:Src/main.c    ****   /* USER CODE BEGIN 2 */
  97:Src/main.c    **** 
  98:Src/main.c    ****   /* USER CODE END 2 */
  99:Src/main.c    **** 
 100:Src/main.c    ****   /* Infinite loop */
 101:Src/main.c    ****   /* USER CODE BEGIN WHILE */
 102:Src/main.c    ****   while (1)
 103:Src/main.c    ****   {
 104:Src/main.c    ****     /* USER CODE END WHILE */
 105:Src/main.c    **** 
 106:Src/main.c    ****     /* USER CODE BEGIN 3 */
 107:Src/main.c    ****   }
 108:Src/main.c    ****   /* USER CODE END 3 */
 109:Src/main.c    **** }
 110:Src/main.c    **** 
 111:Src/main.c    **** /**
 112:Src/main.c    ****   * @brief System Clock Configuration
 113:Src/main.c    ****   * @retval None
 114:Src/main.c    ****   */
 115:Src/main.c    **** void SystemClock_Config(void)
 116:Src/main.c    **** {
 117:Src/main.c    ****   RCC_OscInitTypeDef RCC_OscInitStruct = {0};
 118:Src/main.c    ****   RCC_ClkInitTypeDef RCC_ClkInitStruct = {0};
 119:Src/main.c    ****   RCC_PeriphCLKInitTypeDef PeriphClkInit = {0};
 120:Src/main.c    **** 
 121:Src/main.c    ****   /** Initializes the CPU, AHB and APB busses clocks 
 122:Src/main.c    ****   */
 123:Src/main.c    ****   RCC_OscInitStruct.OscillatorType = RCC_OSCILLATORTYPE_HSI;
 124:Src/main.c    ****   RCC_OscInitStruct.HSIState = RCC_HSI_ON;
 125:Src/main.c    ****   RCC_OscInitStruct.HSICalibrationValue = RCC_HSICALIBRATION_DEFAULT;
 126:Src/main.c    ****   RCC_OscInitStruct.PLL.PLLState = RCC_PLL_ON;
 127:Src/main.c    ****   RCC_OscInitStruct.PLL.PLLSource = RCC_PLLSOURCE_HSI;
 128:Src/main.c    ****   RCC_OscInitStruct.PLL.PLLMUL = RCC_PLL_MUL16;
 129:Src/main.c    ****   if (HAL_RCC_OscConfig(&RCC_OscInitStruct) != HAL_OK)
 130:Src/main.c    ****   {
 131:Src/main.c    ****     Error_Handler();
 132:Src/main.c    ****   }
 133:Src/main.c    ****   /** Initializes the CPU, AHB and APB busses clocks 
 134:Src/main.c    ****   */
 135:Src/main.c    ****   RCC_ClkInitStruct.ClockType = RCC_CLOCKTYPE_HCLK|RCC_CLOCKTYPE_SYSCLK
 136:Src/main.c    ****                               |RCC_CLOCKTYPE_PCLK1|RCC_CLOCKTYPE_PCLK2;
 137:Src/main.c    ****   RCC_ClkInitStruct.SYSCLKSource = RCC_SYSCLKSOURCE_PLLCLK;
 138:Src/main.c    ****   RCC_ClkInitStruct.AHBCLKDivider = RCC_SYSCLK_DIV1;
 139:Src/main.c    ****   RCC_ClkInitStruct.APB1CLKDivider = RCC_HCLK_DIV2;
 140:Src/main.c    ****   RCC_ClkInitStruct.APB2CLKDivider = RCC_HCLK_DIV1;
 141:Src/main.c    **** 
 142:Src/main.c    ****   if (HAL_RCC_ClockConfig(&RCC_ClkInitStruct, FLASH_LATENCY_2) != HAL_OK)
 143:Src/main.c    ****   {
 144:Src/main.c    ****     Error_Handler();
 145:Src/main.c    ****   }
ARM GAS  C:\Users\joopt\AppData\Local\Temp\ccIlN2sE.s 			page 4


 146:Src/main.c    ****   PeriphClkInit.PeriphClockSelection = RCC_PERIPHCLK_TIM1;
 147:Src/main.c    ****   PeriphClkInit.Tim1ClockSelection = RCC_TIM1CLK_HCLK;
 148:Src/main.c    ****   if (HAL_RCCEx_PeriphCLKConfig(&PeriphClkInit) != HAL_OK)
 149:Src/main.c    ****   {
 150:Src/main.c    ****     Error_Handler();
 151:Src/main.c    ****   }
 152:Src/main.c    **** }
 153:Src/main.c    **** 
 154:Src/main.c    **** /**
 155:Src/main.c    ****   * @brief TIM1 Initialization Function
 156:Src/main.c    ****   * @param None
 157:Src/main.c    ****   * @retval None
 158:Src/main.c    ****   */
 159:Src/main.c    **** static void MX_TIM1_Init(void)
 160:Src/main.c    **** {
 161:Src/main.c    **** 
 162:Src/main.c    ****   /* USER CODE BEGIN TIM1_Init 0 */
 163:Src/main.c    **** 
 164:Src/main.c    ****   /* USER CODE END TIM1_Init 0 */
 165:Src/main.c    **** 
 166:Src/main.c    ****   TIM_ClockConfigTypeDef sClockSourceConfig = {0};
 167:Src/main.c    ****   TIM_MasterConfigTypeDef sMasterConfig = {0};
 168:Src/main.c    **** 
 169:Src/main.c    ****   /* USER CODE BEGIN TIM1_Init 1 */
 170:Src/main.c    **** 
 171:Src/main.c    ****   /* USER CODE END TIM1_Init 1 */
 172:Src/main.c    ****   htim1.Instance = TIM1;
 173:Src/main.c    ****   htim1.Init.Prescaler = 0;
 174:Src/main.c    ****   htim1.Init.CounterMode = TIM_COUNTERMODE_UP;
 175:Src/main.c    ****   htim1.Init.Period = 0;
 176:Src/main.c    ****   htim1.Init.ClockDivision = TIM_CLOCKDIVISION_DIV1;
 177:Src/main.c    ****   htim1.Init.RepetitionCounter = 0;
 178:Src/main.c    ****   htim1.Init.AutoReloadPreload = TIM_AUTORELOAD_PRELOAD_DISABLE;
 179:Src/main.c    ****   if (HAL_TIM_Base_Init(&htim1) != HAL_OK)
 180:Src/main.c    ****   {
 181:Src/main.c    ****     Error_Handler();
 182:Src/main.c    ****   }
 183:Src/main.c    ****   sClockSourceConfig.ClockSource = TIM_CLOCKSOURCE_INTERNAL;
 184:Src/main.c    ****   if (HAL_TIM_ConfigClockSource(&htim1, &sClockSourceConfig) != HAL_OK)
 185:Src/main.c    ****   {
 186:Src/main.c    ****     Error_Handler();
 187:Src/main.c    ****   }
 188:Src/main.c    ****   sMasterConfig.MasterOutputTrigger = TIM_TRGO_RESET;
 189:Src/main.c    ****   sMasterConfig.MasterOutputTrigger2 = TIM_TRGO2_RESET;
 190:Src/main.c    ****   sMasterConfig.MasterSlaveMode = TIM_MASTERSLAVEMODE_DISABLE;
 191:Src/main.c    ****   if (HAL_TIMEx_MasterConfigSynchronization(&htim1, &sMasterConfig) != HAL_OK)
 192:Src/main.c    ****   {
 193:Src/main.c    ****     Error_Handler();
 194:Src/main.c    ****   }
 195:Src/main.c    ****   /* USER CODE BEGIN TIM1_Init 2 */
 196:Src/main.c    **** 
 197:Src/main.c    ****   /* USER CODE END TIM1_Init 2 */
 198:Src/main.c    **** 
 199:Src/main.c    **** }
 200:Src/main.c    **** 
 201:Src/main.c    **** /**
 202:Src/main.c    ****   * @brief USART2 Initialization Function
ARM GAS  C:\Users\joopt\AppData\Local\Temp\ccIlN2sE.s 			page 5


 203:Src/main.c    ****   * @param None
 204:Src/main.c    ****   * @retval None
 205:Src/main.c    ****   */
 206:Src/main.c    **** static void MX_USART2_UART_Init(void)
 207:Src/main.c    **** {
 208:Src/main.c    **** 
 209:Src/main.c    ****   /* USER CODE BEGIN USART2_Init 0 */
 210:Src/main.c    **** 
 211:Src/main.c    ****   /* USER CODE END USART2_Init 0 */
 212:Src/main.c    **** 
 213:Src/main.c    ****   /* USER CODE BEGIN USART2_Init 1 */
 214:Src/main.c    **** 
 215:Src/main.c    ****   /* USER CODE END USART2_Init 1 */
 216:Src/main.c    ****   huart2.Instance = USART2;
 217:Src/main.c    ****   huart2.Init.BaudRate = 38400;
 218:Src/main.c    ****   huart2.Init.WordLength = UART_WORDLENGTH_8B;
 219:Src/main.c    ****   huart2.Init.StopBits = UART_STOPBITS_1;
 220:Src/main.c    ****   huart2.Init.Parity = UART_PARITY_NONE;
 221:Src/main.c    ****   huart2.Init.Mode = UART_MODE_TX_RX;
 222:Src/main.c    ****   huart2.Init.HwFlowCtl = UART_HWCONTROL_NONE;
 223:Src/main.c    ****   huart2.Init.OverSampling = UART_OVERSAMPLING_16;
 224:Src/main.c    ****   huart2.Init.OneBitSampling = UART_ONE_BIT_SAMPLE_DISABLE;
 225:Src/main.c    ****   huart2.AdvancedInit.AdvFeatureInit = UART_ADVFEATURE_NO_INIT;
 226:Src/main.c    ****   if (HAL_UART_Init(&huart2) != HAL_OK)
 227:Src/main.c    ****   {
 228:Src/main.c    ****     Error_Handler();
 229:Src/main.c    ****   }
 230:Src/main.c    ****   /* USER CODE BEGIN USART2_Init 2 */
 231:Src/main.c    **** 
 232:Src/main.c    ****   /* USER CODE END USART2_Init 2 */
 233:Src/main.c    **** 
 234:Src/main.c    **** }
 235:Src/main.c    **** 
 236:Src/main.c    **** /**
 237:Src/main.c    ****   * @brief GPIO Initialization Function
 238:Src/main.c    ****   * @param None
 239:Src/main.c    ****   * @retval None
 240:Src/main.c    ****   */
 241:Src/main.c    **** static void MX_GPIO_Init(void)
 242:Src/main.c    **** {
  28              		.loc 1 242 1 view -0
  29              		.cfi_startproc
  30              		@ args = 0, pretend = 0, frame = 40
  31              		@ frame_needed = 0, uses_anonymous_args = 0
  32 0000 F0B5     		push	{r4, r5, r6, r7, lr}
  33              	.LCFI0:
  34              		.cfi_def_cfa_offset 20
  35              		.cfi_offset 4, -20
  36              		.cfi_offset 5, -16
  37              		.cfi_offset 6, -12
  38              		.cfi_offset 7, -8
  39              		.cfi_offset 14, -4
  40 0002 8BB0     		sub	sp, sp, #44
  41              	.LCFI1:
  42              		.cfi_def_cfa_offset 64
 243:Src/main.c    ****   GPIO_InitTypeDef GPIO_InitStruct = {0};
  43              		.loc 1 243 3 view .LVU1
ARM GAS  C:\Users\joopt\AppData\Local\Temp\ccIlN2sE.s 			page 6


  44              		.loc 1 243 20 is_stmt 0 view .LVU2
  45 0004 0024     		movs	r4, #0
  46 0006 0594     		str	r4, [sp, #20]
  47 0008 0694     		str	r4, [sp, #24]
  48 000a 0794     		str	r4, [sp, #28]
  49 000c 0894     		str	r4, [sp, #32]
  50 000e 0994     		str	r4, [sp, #36]
 244:Src/main.c    **** 
 245:Src/main.c    ****   /* GPIO Ports Clock Enable */
 246:Src/main.c    ****   __HAL_RCC_GPIOC_CLK_ENABLE();
  51              		.loc 1 246 3 is_stmt 1 view .LVU3
  52              	.LBB2:
  53              		.loc 1 246 3 view .LVU4
  54              		.loc 1 246 3 view .LVU5
  55 0010 254B     		ldr	r3, .L3
  56 0012 5A69     		ldr	r2, [r3, #20]
  57 0014 42F40022 		orr	r2, r2, #524288
  58 0018 5A61     		str	r2, [r3, #20]
  59              		.loc 1 246 3 view .LVU6
  60 001a 5A69     		ldr	r2, [r3, #20]
  61 001c 02F40022 		and	r2, r2, #524288
  62 0020 0192     		str	r2, [sp, #4]
  63              		.loc 1 246 3 view .LVU7
  64 0022 019A     		ldr	r2, [sp, #4]
  65              	.LBE2:
  66              		.loc 1 246 3 view .LVU8
 247:Src/main.c    ****   __HAL_RCC_GPIOF_CLK_ENABLE();
  67              		.loc 1 247 3 view .LVU9
  68              	.LBB3:
  69              		.loc 1 247 3 view .LVU10
  70              		.loc 1 247 3 view .LVU11
  71 0024 5A69     		ldr	r2, [r3, #20]
  72 0026 42F48002 		orr	r2, r2, #4194304
  73 002a 5A61     		str	r2, [r3, #20]
  74              		.loc 1 247 3 view .LVU12
  75 002c 5A69     		ldr	r2, [r3, #20]
  76 002e 02F48002 		and	r2, r2, #4194304
  77 0032 0292     		str	r2, [sp, #8]
  78              		.loc 1 247 3 view .LVU13
  79 0034 029A     		ldr	r2, [sp, #8]
  80              	.LBE3:
  81              		.loc 1 247 3 view .LVU14
 248:Src/main.c    ****   __HAL_RCC_GPIOA_CLK_ENABLE();
  82              		.loc 1 248 3 view .LVU15
  83              	.LBB4:
  84              		.loc 1 248 3 view .LVU16
  85              		.loc 1 248 3 view .LVU17
  86 0036 5A69     		ldr	r2, [r3, #20]
  87 0038 42F40032 		orr	r2, r2, #131072
  88 003c 5A61     		str	r2, [r3, #20]
  89              		.loc 1 248 3 view .LVU18
  90 003e 5A69     		ldr	r2, [r3, #20]
  91 0040 02F40032 		and	r2, r2, #131072
  92 0044 0392     		str	r2, [sp, #12]
  93              		.loc 1 248 3 view .LVU19
  94 0046 039A     		ldr	r2, [sp, #12]
  95              	.LBE4:
ARM GAS  C:\Users\joopt\AppData\Local\Temp\ccIlN2sE.s 			page 7


  96              		.loc 1 248 3 view .LVU20
 249:Src/main.c    ****   __HAL_RCC_GPIOB_CLK_ENABLE();
  97              		.loc 1 249 3 view .LVU21
  98              	.LBB5:
  99              		.loc 1 249 3 view .LVU22
 100              		.loc 1 249 3 view .LVU23
 101 0048 5A69     		ldr	r2, [r3, #20]
 102 004a 42F48022 		orr	r2, r2, #262144
 103 004e 5A61     		str	r2, [r3, #20]
 104              		.loc 1 249 3 view .LVU24
 105 0050 5B69     		ldr	r3, [r3, #20]
 106 0052 03F48023 		and	r3, r3, #262144
 107 0056 0493     		str	r3, [sp, #16]
 108              		.loc 1 249 3 view .LVU25
 109 0058 049B     		ldr	r3, [sp, #16]
 110              	.LBE5:
 111              		.loc 1 249 3 view .LVU26
 250:Src/main.c    **** 
 251:Src/main.c    ****   /*Configure GPIO pin Output Level */
 252:Src/main.c    ****   HAL_GPIO_WritePin(LD2_GPIO_Port, LD2_Pin, GPIO_PIN_RESET);
 112              		.loc 1 252 3 view .LVU27
 113 005a 144E     		ldr	r6, .L3+4
 114 005c 2246     		mov	r2, r4
 115 005e 4FF40051 		mov	r1, #8192
 116 0062 3046     		mov	r0, r6
 117 0064 FFF7FEFF 		bl	HAL_GPIO_WritePin
 118              	.LVL0:
 253:Src/main.c    **** 
 254:Src/main.c    ****   /*Configure GPIO pin : B1_Pin */
 255:Src/main.c    ****   GPIO_InitStruct.Pin = B1_Pin;
 119              		.loc 1 255 3 view .LVU28
 120              		.loc 1 255 23 is_stmt 0 view .LVU29
 121 0068 4FF40057 		mov	r7, #8192
 122 006c 0597     		str	r7, [sp, #20]
 256:Src/main.c    ****   GPIO_InitStruct.Mode = GPIO_MODE_IT_FALLING;
 123              		.loc 1 256 3 is_stmt 1 view .LVU30
 124              		.loc 1 256 24 is_stmt 0 view .LVU31
 125 006e 104D     		ldr	r5, .L3+8
 126 0070 0695     		str	r5, [sp, #24]
 257:Src/main.c    ****   GPIO_InitStruct.Pull = GPIO_NOPULL;
 127              		.loc 1 257 3 is_stmt 1 view .LVU32
 128              		.loc 1 257 24 is_stmt 0 view .LVU33
 129 0072 0794     		str	r4, [sp, #28]
 258:Src/main.c    ****   HAL_GPIO_Init(B1_GPIO_Port, &GPIO_InitStruct);
 130              		.loc 1 258 3 is_stmt 1 view .LVU34
 131 0074 05A9     		add	r1, sp, #20
 132 0076 0F48     		ldr	r0, .L3+12
 133 0078 FFF7FEFF 		bl	HAL_GPIO_Init
 134              	.LVL1:
 259:Src/main.c    **** 
 260:Src/main.c    ****   /*Configure GPIO pin : LD2_Pin */
 261:Src/main.c    ****   GPIO_InitStruct.Pin = LD2_Pin;
 135              		.loc 1 261 3 view .LVU35
 136              		.loc 1 261 23 is_stmt 0 view .LVU36
 137 007c 0597     		str	r7, [sp, #20]
 262:Src/main.c    ****   GPIO_InitStruct.Mode = GPIO_MODE_OUTPUT_PP;
 138              		.loc 1 262 3 is_stmt 1 view .LVU37
ARM GAS  C:\Users\joopt\AppData\Local\Temp\ccIlN2sE.s 			page 8


 139              		.loc 1 262 24 is_stmt 0 view .LVU38
 140 007e 0123     		movs	r3, #1
 141 0080 0693     		str	r3, [sp, #24]
 263:Src/main.c    ****   GPIO_InitStruct.Pull = GPIO_NOPULL;
 142              		.loc 1 263 3 is_stmt 1 view .LVU39
 143              		.loc 1 263 24 is_stmt 0 view .LVU40
 144 0082 0794     		str	r4, [sp, #28]
 264:Src/main.c    ****   GPIO_InitStruct.Speed = GPIO_SPEED_FREQ_LOW;
 145              		.loc 1 264 3 is_stmt 1 view .LVU41
 146              		.loc 1 264 25 is_stmt 0 view .LVU42
 147 0084 0894     		str	r4, [sp, #32]
 265:Src/main.c    ****   HAL_GPIO_Init(LD2_GPIO_Port, &GPIO_InitStruct);
 148              		.loc 1 265 3 is_stmt 1 view .LVU43
 149 0086 05A9     		add	r1, sp, #20
 150 0088 3046     		mov	r0, r6
 151 008a FFF7FEFF 		bl	HAL_GPIO_Init
 152              	.LVL2:
 266:Src/main.c    **** 
 267:Src/main.c    ****   /*Configure GPIO pin : PA8 */
 268:Src/main.c    ****   GPIO_InitStruct.Pin = GPIO_PIN_8;
 153              		.loc 1 268 3 view .LVU44
 154              		.loc 1 268 23 is_stmt 0 view .LVU45
 155 008e 4FF48073 		mov	r3, #256
 156 0092 0593     		str	r3, [sp, #20]
 269:Src/main.c    ****   GPIO_InitStruct.Mode = GPIO_MODE_IT_FALLING;
 157              		.loc 1 269 3 is_stmt 1 view .LVU46
 158              		.loc 1 269 24 is_stmt 0 view .LVU47
 159 0094 0695     		str	r5, [sp, #24]
 270:Src/main.c    ****   GPIO_InitStruct.Pull = GPIO_NOPULL;
 160              		.loc 1 270 3 is_stmt 1 view .LVU48
 161              		.loc 1 270 24 is_stmt 0 view .LVU49
 162 0096 0794     		str	r4, [sp, #28]
 271:Src/main.c    ****   HAL_GPIO_Init(GPIOA, &GPIO_InitStruct);
 163              		.loc 1 271 3 is_stmt 1 view .LVU50
 164 0098 05A9     		add	r1, sp, #20
 165 009a 4FF09040 		mov	r0, #1207959552
 166 009e FFF7FEFF 		bl	HAL_GPIO_Init
 167              	.LVL3:
 272:Src/main.c    **** 
 273:Src/main.c    **** }
 168              		.loc 1 273 1 is_stmt 0 view .LVU51
 169 00a2 0BB0     		add	sp, sp, #44
 170              	.LCFI2:
 171              		.cfi_def_cfa_offset 20
 172              		@ sp needed
 173 00a4 F0BD     		pop	{r4, r5, r6, r7, pc}
 174              	.L4:
 175 00a6 00BF     		.align	2
 176              	.L3:
 177 00a8 00100240 		.word	1073876992
 178 00ac 00040048 		.word	1207960576
 179 00b0 00002110 		.word	270598144
 180 00b4 00080048 		.word	1207961600
 181              		.cfi_endproc
 182              	.LFE127:
 184              		.section	.text.MX_TIM1_Init,"ax",%progbits
 185              		.align	1
ARM GAS  C:\Users\joopt\AppData\Local\Temp\ccIlN2sE.s 			page 9


 186              		.syntax unified
 187              		.thumb
 188              		.thumb_func
 189              		.fpu fpv4-sp-d16
 191              	MX_TIM1_Init:
 192              	.LFB125:
 160:Src/main.c    **** 
 193              		.loc 1 160 1 is_stmt 1 view -0
 194              		.cfi_startproc
 195              		@ args = 0, pretend = 0, frame = 32
 196              		@ frame_needed = 0, uses_anonymous_args = 0
 197 0000 30B5     		push	{r4, r5, lr}
 198              	.LCFI3:
 199              		.cfi_def_cfa_offset 12
 200              		.cfi_offset 4, -12
 201              		.cfi_offset 5, -8
 202              		.cfi_offset 14, -4
 203 0002 89B0     		sub	sp, sp, #36
 204              	.LCFI4:
 205              		.cfi_def_cfa_offset 48
 166:Src/main.c    ****   TIM_MasterConfigTypeDef sMasterConfig = {0};
 206              		.loc 1 166 3 view .LVU53
 166:Src/main.c    ****   TIM_MasterConfigTypeDef sMasterConfig = {0};
 207              		.loc 1 166 26 is_stmt 0 view .LVU54
 208 0004 0024     		movs	r4, #0
 209 0006 0494     		str	r4, [sp, #16]
 210 0008 0594     		str	r4, [sp, #20]
 211 000a 0694     		str	r4, [sp, #24]
 212 000c 0794     		str	r4, [sp, #28]
 167:Src/main.c    **** 
 213              		.loc 1 167 3 is_stmt 1 view .LVU55
 167:Src/main.c    **** 
 214              		.loc 1 167 27 is_stmt 0 view .LVU56
 215 000e 0194     		str	r4, [sp, #4]
 216 0010 0294     		str	r4, [sp, #8]
 217 0012 0394     		str	r4, [sp, #12]
 172:Src/main.c    ****   htim1.Init.Prescaler = 0;
 218              		.loc 1 172 3 is_stmt 1 view .LVU57
 172:Src/main.c    ****   htim1.Init.Prescaler = 0;
 219              		.loc 1 172 18 is_stmt 0 view .LVU58
 220 0014 0D4D     		ldr	r5, .L7
 221 0016 0E4B     		ldr	r3, .L7+4
 222 0018 2B60     		str	r3, [r5]
 173:Src/main.c    ****   htim1.Init.CounterMode = TIM_COUNTERMODE_UP;
 223              		.loc 1 173 3 is_stmt 1 view .LVU59
 173:Src/main.c    ****   htim1.Init.CounterMode = TIM_COUNTERMODE_UP;
 224              		.loc 1 173 24 is_stmt 0 view .LVU60
 225 001a 6C60     		str	r4, [r5, #4]
 174:Src/main.c    ****   htim1.Init.Period = 0;
 226              		.loc 1 174 3 is_stmt 1 view .LVU61
 174:Src/main.c    ****   htim1.Init.Period = 0;
 227              		.loc 1 174 26 is_stmt 0 view .LVU62
 228 001c AC60     		str	r4, [r5, #8]
 175:Src/main.c    ****   htim1.Init.ClockDivision = TIM_CLOCKDIVISION_DIV1;
 229              		.loc 1 175 3 is_stmt 1 view .LVU63
 175:Src/main.c    ****   htim1.Init.ClockDivision = TIM_CLOCKDIVISION_DIV1;
 230              		.loc 1 175 21 is_stmt 0 view .LVU64
ARM GAS  C:\Users\joopt\AppData\Local\Temp\ccIlN2sE.s 			page 10


 231 001e EC60     		str	r4, [r5, #12]
 176:Src/main.c    ****   htim1.Init.RepetitionCounter = 0;
 232              		.loc 1 176 3 is_stmt 1 view .LVU65
 176:Src/main.c    ****   htim1.Init.RepetitionCounter = 0;
 233              		.loc 1 176 28 is_stmt 0 view .LVU66
 234 0020 2C61     		str	r4, [r5, #16]
 177:Src/main.c    ****   htim1.Init.AutoReloadPreload = TIM_AUTORELOAD_PRELOAD_DISABLE;
 235              		.loc 1 177 3 is_stmt 1 view .LVU67
 177:Src/main.c    ****   htim1.Init.AutoReloadPreload = TIM_AUTORELOAD_PRELOAD_DISABLE;
 236              		.loc 1 177 32 is_stmt 0 view .LVU68
 237 0022 6C61     		str	r4, [r5, #20]
 178:Src/main.c    ****   if (HAL_TIM_Base_Init(&htim1) != HAL_OK)
 238              		.loc 1 178 3 is_stmt 1 view .LVU69
 178:Src/main.c    ****   if (HAL_TIM_Base_Init(&htim1) != HAL_OK)
 239              		.loc 1 178 32 is_stmt 0 view .LVU70
 240 0024 AC61     		str	r4, [r5, #24]
 179:Src/main.c    ****   {
 241              		.loc 1 179 3 is_stmt 1 view .LVU71
 179:Src/main.c    ****   {
 242              		.loc 1 179 7 is_stmt 0 view .LVU72
 243 0026 2846     		mov	r0, r5
 244 0028 FFF7FEFF 		bl	HAL_TIM_Base_Init
 245              	.LVL4:
 183:Src/main.c    ****   if (HAL_TIM_ConfigClockSource(&htim1, &sClockSourceConfig) != HAL_OK)
 246              		.loc 1 183 3 is_stmt 1 view .LVU73
 183:Src/main.c    ****   if (HAL_TIM_ConfigClockSource(&htim1, &sClockSourceConfig) != HAL_OK)
 247              		.loc 1 183 34 is_stmt 0 view .LVU74
 248 002c 4FF48053 		mov	r3, #4096
 249 0030 0493     		str	r3, [sp, #16]
 184:Src/main.c    ****   {
 250              		.loc 1 184 3 is_stmt 1 view .LVU75
 184:Src/main.c    ****   {
 251              		.loc 1 184 7 is_stmt 0 view .LVU76
 252 0032 04A9     		add	r1, sp, #16
 253 0034 2846     		mov	r0, r5
 254 0036 FFF7FEFF 		bl	HAL_TIM_ConfigClockSource
 255              	.LVL5:
 188:Src/main.c    ****   sMasterConfig.MasterOutputTrigger2 = TIM_TRGO2_RESET;
 256              		.loc 1 188 3 is_stmt 1 view .LVU77
 188:Src/main.c    ****   sMasterConfig.MasterOutputTrigger2 = TIM_TRGO2_RESET;
 257              		.loc 1 188 37 is_stmt 0 view .LVU78
 258 003a 0194     		str	r4, [sp, #4]
 189:Src/main.c    ****   sMasterConfig.MasterSlaveMode = TIM_MASTERSLAVEMODE_DISABLE;
 259              		.loc 1 189 3 is_stmt 1 view .LVU79
 189:Src/main.c    ****   sMasterConfig.MasterSlaveMode = TIM_MASTERSLAVEMODE_DISABLE;
 260              		.loc 1 189 38 is_stmt 0 view .LVU80
 261 003c 0294     		str	r4, [sp, #8]
 190:Src/main.c    ****   if (HAL_TIMEx_MasterConfigSynchronization(&htim1, &sMasterConfig) != HAL_OK)
 262              		.loc 1 190 3 is_stmt 1 view .LVU81
 190:Src/main.c    ****   if (HAL_TIMEx_MasterConfigSynchronization(&htim1, &sMasterConfig) != HAL_OK)
 263              		.loc 1 190 33 is_stmt 0 view .LVU82
 264 003e 0394     		str	r4, [sp, #12]
 191:Src/main.c    ****   {
 265              		.loc 1 191 3 is_stmt 1 view .LVU83
 191:Src/main.c    ****   {
 266              		.loc 1 191 7 is_stmt 0 view .LVU84
 267 0040 01A9     		add	r1, sp, #4
ARM GAS  C:\Users\joopt\AppData\Local\Temp\ccIlN2sE.s 			page 11


 268 0042 2846     		mov	r0, r5
 269 0044 FFF7FEFF 		bl	HAL_TIMEx_MasterConfigSynchronization
 270              	.LVL6:
 199:Src/main.c    **** 
 271              		.loc 1 199 1 view .LVU85
 272 0048 09B0     		add	sp, sp, #36
 273              	.LCFI5:
 274              		.cfi_def_cfa_offset 12
 275              		@ sp needed
 276 004a 30BD     		pop	{r4, r5, pc}
 277              	.L8:
 278              		.align	2
 279              	.L7:
 280 004c 00000000 		.word	htim1
 281 0050 002C0140 		.word	1073818624
 282              		.cfi_endproc
 283              	.LFE125:
 285              		.section	.text.MX_USART2_UART_Init,"ax",%progbits
 286              		.align	1
 287              		.syntax unified
 288              		.thumb
 289              		.thumb_func
 290              		.fpu fpv4-sp-d16
 292              	MX_USART2_UART_Init:
 293              	.LFB126:
 207:Src/main.c    **** 
 294              		.loc 1 207 1 is_stmt 1 view -0
 295              		.cfi_startproc
 296              		@ args = 0, pretend = 0, frame = 0
 297              		@ frame_needed = 0, uses_anonymous_args = 0
 298 0000 08B5     		push	{r3, lr}
 299              	.LCFI6:
 300              		.cfi_def_cfa_offset 8
 301              		.cfi_offset 3, -8
 302              		.cfi_offset 14, -4
 216:Src/main.c    ****   huart2.Init.BaudRate = 38400;
 303              		.loc 1 216 3 view .LVU87
 216:Src/main.c    ****   huart2.Init.BaudRate = 38400;
 304              		.loc 1 216 19 is_stmt 0 view .LVU88
 305 0002 0948     		ldr	r0, .L11
 306 0004 094B     		ldr	r3, .L11+4
 307 0006 0360     		str	r3, [r0]
 217:Src/main.c    ****   huart2.Init.WordLength = UART_WORDLENGTH_8B;
 308              		.loc 1 217 3 is_stmt 1 view .LVU89
 217:Src/main.c    ****   huart2.Init.WordLength = UART_WORDLENGTH_8B;
 309              		.loc 1 217 24 is_stmt 0 view .LVU90
 310 0008 4FF41643 		mov	r3, #38400
 311 000c 4360     		str	r3, [r0, #4]
 218:Src/main.c    ****   huart2.Init.StopBits = UART_STOPBITS_1;
 312              		.loc 1 218 3 is_stmt 1 view .LVU91
 218:Src/main.c    ****   huart2.Init.StopBits = UART_STOPBITS_1;
 313              		.loc 1 218 26 is_stmt 0 view .LVU92
 314 000e 0023     		movs	r3, #0
 315 0010 8360     		str	r3, [r0, #8]
 219:Src/main.c    ****   huart2.Init.Parity = UART_PARITY_NONE;
 316              		.loc 1 219 3 is_stmt 1 view .LVU93
 219:Src/main.c    ****   huart2.Init.Parity = UART_PARITY_NONE;
ARM GAS  C:\Users\joopt\AppData\Local\Temp\ccIlN2sE.s 			page 12


 317              		.loc 1 219 24 is_stmt 0 view .LVU94
 318 0012 C360     		str	r3, [r0, #12]
 220:Src/main.c    ****   huart2.Init.Mode = UART_MODE_TX_RX;
 319              		.loc 1 220 3 is_stmt 1 view .LVU95
 220:Src/main.c    ****   huart2.Init.Mode = UART_MODE_TX_RX;
 320              		.loc 1 220 22 is_stmt 0 view .LVU96
 321 0014 0361     		str	r3, [r0, #16]
 221:Src/main.c    ****   huart2.Init.HwFlowCtl = UART_HWCONTROL_NONE;
 322              		.loc 1 221 3 is_stmt 1 view .LVU97
 221:Src/main.c    ****   huart2.Init.HwFlowCtl = UART_HWCONTROL_NONE;
 323              		.loc 1 221 20 is_stmt 0 view .LVU98
 324 0016 0C22     		movs	r2, #12
 325 0018 4261     		str	r2, [r0, #20]
 222:Src/main.c    ****   huart2.Init.OverSampling = UART_OVERSAMPLING_16;
 326              		.loc 1 222 3 is_stmt 1 view .LVU99
 222:Src/main.c    ****   huart2.Init.OverSampling = UART_OVERSAMPLING_16;
 327              		.loc 1 222 25 is_stmt 0 view .LVU100
 328 001a 8361     		str	r3, [r0, #24]
 223:Src/main.c    ****   huart2.Init.OneBitSampling = UART_ONE_BIT_SAMPLE_DISABLE;
 329              		.loc 1 223 3 is_stmt 1 view .LVU101
 223:Src/main.c    ****   huart2.Init.OneBitSampling = UART_ONE_BIT_SAMPLE_DISABLE;
 330              		.loc 1 223 28 is_stmt 0 view .LVU102
 331 001c C361     		str	r3, [r0, #28]
 224:Src/main.c    ****   huart2.AdvancedInit.AdvFeatureInit = UART_ADVFEATURE_NO_INIT;
 332              		.loc 1 224 3 is_stmt 1 view .LVU103
 224:Src/main.c    ****   huart2.AdvancedInit.AdvFeatureInit = UART_ADVFEATURE_NO_INIT;
 333              		.loc 1 224 30 is_stmt 0 view .LVU104
 334 001e 0362     		str	r3, [r0, #32]
 225:Src/main.c    ****   if (HAL_UART_Init(&huart2) != HAL_OK)
 335              		.loc 1 225 3 is_stmt 1 view .LVU105
 225:Src/main.c    ****   if (HAL_UART_Init(&huart2) != HAL_OK)
 336              		.loc 1 225 38 is_stmt 0 view .LVU106
 337 0020 4362     		str	r3, [r0, #36]
 226:Src/main.c    ****   {
 338              		.loc 1 226 3 is_stmt 1 view .LVU107
 226:Src/main.c    ****   {
 339              		.loc 1 226 7 is_stmt 0 view .LVU108
 340 0022 FFF7FEFF 		bl	HAL_UART_Init
 341              	.LVL7:
 234:Src/main.c    **** 
 342              		.loc 1 234 1 view .LVU109
 343 0026 08BD     		pop	{r3, pc}
 344              	.L12:
 345              		.align	2
 346              	.L11:
 347 0028 00000000 		.word	huart2
 348 002c 00440040 		.word	1073759232
 349              		.cfi_endproc
 350              	.LFE126:
 352              		.section	.text.SystemClock_Config,"ax",%progbits
 353              		.align	1
 354              		.global	SystemClock_Config
 355              		.syntax unified
 356              		.thumb
 357              		.thumb_func
 358              		.fpu fpv4-sp-d16
 360              	SystemClock_Config:
ARM GAS  C:\Users\joopt\AppData\Local\Temp\ccIlN2sE.s 			page 13


 361              	.LFB124:
 116:Src/main.c    ****   RCC_OscInitTypeDef RCC_OscInitStruct = {0};
 362              		.loc 1 116 1 is_stmt 1 view -0
 363              		.cfi_startproc
 364              		@ args = 0, pretend = 0, frame = 112
 365              		@ frame_needed = 0, uses_anonymous_args = 0
 366 0000 30B5     		push	{r4, r5, lr}
 367              	.LCFI7:
 368              		.cfi_def_cfa_offset 12
 369              		.cfi_offset 4, -12
 370              		.cfi_offset 5, -8
 371              		.cfi_offset 14, -4
 372 0002 9DB0     		sub	sp, sp, #116
 373              	.LCFI8:
 374              		.cfi_def_cfa_offset 128
 117:Src/main.c    ****   RCC_ClkInitTypeDef RCC_ClkInitStruct = {0};
 375              		.loc 1 117 3 view .LVU111
 117:Src/main.c    ****   RCC_ClkInitTypeDef RCC_ClkInitStruct = {0};
 376              		.loc 1 117 22 is_stmt 0 view .LVU112
 377 0004 0024     		movs	r4, #0
 378 0006 1394     		str	r4, [sp, #76]
 379 0008 1494     		str	r4, [sp, #80]
 380 000a 1594     		str	r4, [sp, #84]
 381 000c 1894     		str	r4, [sp, #96]
 118:Src/main.c    ****   RCC_PeriphCLKInitTypeDef PeriphClkInit = {0};
 382              		.loc 1 118 3 is_stmt 1 view .LVU113
 118:Src/main.c    ****   RCC_PeriphCLKInitTypeDef PeriphClkInit = {0};
 383              		.loc 1 118 22 is_stmt 0 view .LVU114
 384 000e 0D94     		str	r4, [sp, #52]
 385 0010 0E94     		str	r4, [sp, #56]
 386 0012 0F94     		str	r4, [sp, #60]
 387 0014 1094     		str	r4, [sp, #64]
 388 0016 1194     		str	r4, [sp, #68]
 119:Src/main.c    **** 
 389              		.loc 1 119 3 is_stmt 1 view .LVU115
 119:Src/main.c    **** 
 390              		.loc 1 119 28 is_stmt 0 view .LVU116
 391 0018 3422     		movs	r2, #52
 392 001a 2146     		mov	r1, r4
 393 001c 6846     		mov	r0, sp
 394 001e FFF7FEFF 		bl	memset
 395              	.LVL8:
 123:Src/main.c    ****   RCC_OscInitStruct.HSIState = RCC_HSI_ON;
 396              		.loc 1 123 3 is_stmt 1 view .LVU117
 123:Src/main.c    ****   RCC_OscInitStruct.HSIState = RCC_HSI_ON;
 397              		.loc 1 123 36 is_stmt 0 view .LVU118
 398 0022 0225     		movs	r5, #2
 399 0024 1295     		str	r5, [sp, #72]
 124:Src/main.c    ****   RCC_OscInitStruct.HSICalibrationValue = RCC_HSICALIBRATION_DEFAULT;
 400              		.loc 1 124 3 is_stmt 1 view .LVU119
 124:Src/main.c    ****   RCC_OscInitStruct.HSICalibrationValue = RCC_HSICALIBRATION_DEFAULT;
 401              		.loc 1 124 30 is_stmt 0 view .LVU120
 402 0026 0123     		movs	r3, #1
 403 0028 1693     		str	r3, [sp, #88]
 125:Src/main.c    ****   RCC_OscInitStruct.PLL.PLLState = RCC_PLL_ON;
 404              		.loc 1 125 3 is_stmt 1 view .LVU121
 125:Src/main.c    ****   RCC_OscInitStruct.PLL.PLLState = RCC_PLL_ON;
ARM GAS  C:\Users\joopt\AppData\Local\Temp\ccIlN2sE.s 			page 14


 405              		.loc 1 125 41 is_stmt 0 view .LVU122
 406 002a 1023     		movs	r3, #16
 407 002c 1793     		str	r3, [sp, #92]
 126:Src/main.c    ****   RCC_OscInitStruct.PLL.PLLSource = RCC_PLLSOURCE_HSI;
 408              		.loc 1 126 3 is_stmt 1 view .LVU123
 126:Src/main.c    ****   RCC_OscInitStruct.PLL.PLLSource = RCC_PLLSOURCE_HSI;
 409              		.loc 1 126 34 is_stmt 0 view .LVU124
 410 002e 1995     		str	r5, [sp, #100]
 127:Src/main.c    ****   RCC_OscInitStruct.PLL.PLLMUL = RCC_PLL_MUL16;
 411              		.loc 1 127 3 is_stmt 1 view .LVU125
 127:Src/main.c    ****   RCC_OscInitStruct.PLL.PLLMUL = RCC_PLL_MUL16;
 412              		.loc 1 127 35 is_stmt 0 view .LVU126
 413 0030 1A94     		str	r4, [sp, #104]
 128:Src/main.c    ****   if (HAL_RCC_OscConfig(&RCC_OscInitStruct) != HAL_OK)
 414              		.loc 1 128 3 is_stmt 1 view .LVU127
 128:Src/main.c    ****   if (HAL_RCC_OscConfig(&RCC_OscInitStruct) != HAL_OK)
 415              		.loc 1 128 32 is_stmt 0 view .LVU128
 416 0032 4FF46013 		mov	r3, #3670016
 417 0036 1B93     		str	r3, [sp, #108]
 129:Src/main.c    ****   {
 418              		.loc 1 129 3 is_stmt 1 view .LVU129
 129:Src/main.c    ****   {
 419              		.loc 1 129 7 is_stmt 0 view .LVU130
 420 0038 12A8     		add	r0, sp, #72
 421 003a FFF7FEFF 		bl	HAL_RCC_OscConfig
 422              	.LVL9:
 135:Src/main.c    ****                               |RCC_CLOCKTYPE_PCLK1|RCC_CLOCKTYPE_PCLK2;
 423              		.loc 1 135 3 is_stmt 1 view .LVU131
 135:Src/main.c    ****                               |RCC_CLOCKTYPE_PCLK1|RCC_CLOCKTYPE_PCLK2;
 424              		.loc 1 135 31 is_stmt 0 view .LVU132
 425 003e 0F23     		movs	r3, #15
 426 0040 0D93     		str	r3, [sp, #52]
 137:Src/main.c    ****   RCC_ClkInitStruct.AHBCLKDivider = RCC_SYSCLK_DIV1;
 427              		.loc 1 137 3 is_stmt 1 view .LVU133
 137:Src/main.c    ****   RCC_ClkInitStruct.AHBCLKDivider = RCC_SYSCLK_DIV1;
 428              		.loc 1 137 34 is_stmt 0 view .LVU134
 429 0042 0E95     		str	r5, [sp, #56]
 138:Src/main.c    ****   RCC_ClkInitStruct.APB1CLKDivider = RCC_HCLK_DIV2;
 430              		.loc 1 138 3 is_stmt 1 view .LVU135
 138:Src/main.c    ****   RCC_ClkInitStruct.APB1CLKDivider = RCC_HCLK_DIV2;
 431              		.loc 1 138 35 is_stmt 0 view .LVU136
 432 0044 0F94     		str	r4, [sp, #60]
 139:Src/main.c    ****   RCC_ClkInitStruct.APB2CLKDivider = RCC_HCLK_DIV1;
 433              		.loc 1 139 3 is_stmt 1 view .LVU137
 139:Src/main.c    ****   RCC_ClkInitStruct.APB2CLKDivider = RCC_HCLK_DIV1;
 434              		.loc 1 139 36 is_stmt 0 view .LVU138
 435 0046 4FF48063 		mov	r3, #1024
 436 004a 1093     		str	r3, [sp, #64]
 140:Src/main.c    **** 
 437              		.loc 1 140 3 is_stmt 1 view .LVU139
 140:Src/main.c    **** 
 438              		.loc 1 140 36 is_stmt 0 view .LVU140
 439 004c 1194     		str	r4, [sp, #68]
 142:Src/main.c    ****   {
 440              		.loc 1 142 3 is_stmt 1 view .LVU141
 142:Src/main.c    ****   {
 441              		.loc 1 142 7 is_stmt 0 view .LVU142
ARM GAS  C:\Users\joopt\AppData\Local\Temp\ccIlN2sE.s 			page 15


 442 004e 2946     		mov	r1, r5
 443 0050 0DA8     		add	r0, sp, #52
 444 0052 FFF7FEFF 		bl	HAL_RCC_ClockConfig
 445              	.LVL10:
 146:Src/main.c    ****   PeriphClkInit.Tim1ClockSelection = RCC_TIM1CLK_HCLK;
 446              		.loc 1 146 3 is_stmt 1 view .LVU143
 146:Src/main.c    ****   PeriphClkInit.Tim1ClockSelection = RCC_TIM1CLK_HCLK;
 447              		.loc 1 146 38 is_stmt 0 view .LVU144
 448 0056 4FF48053 		mov	r3, #4096
 449 005a 0093     		str	r3, [sp]
 147:Src/main.c    ****   if (HAL_RCCEx_PeriphCLKConfig(&PeriphClkInit) != HAL_OK)
 450              		.loc 1 147 3 is_stmt 1 view .LVU145
 147:Src/main.c    ****   if (HAL_RCCEx_PeriphCLKConfig(&PeriphClkInit) != HAL_OK)
 451              		.loc 1 147 36 is_stmt 0 view .LVU146
 452 005c 0894     		str	r4, [sp, #32]
 148:Src/main.c    ****   {
 453              		.loc 1 148 3 is_stmt 1 view .LVU147
 148:Src/main.c    ****   {
 454              		.loc 1 148 7 is_stmt 0 view .LVU148
 455 005e 6846     		mov	r0, sp
 456 0060 FFF7FEFF 		bl	HAL_RCCEx_PeriphCLKConfig
 457              	.LVL11:
 152:Src/main.c    **** 
 458              		.loc 1 152 1 view .LVU149
 459 0064 1DB0     		add	sp, sp, #116
 460              	.LCFI9:
 461              		.cfi_def_cfa_offset 12
 462              		@ sp needed
 463 0066 30BD     		pop	{r4, r5, pc}
 464              		.cfi_endproc
 465              	.LFE124:
 467              		.section	.text.main,"ax",%progbits
 468              		.align	1
 469              		.global	main
 470              		.syntax unified
 471              		.thumb
 472              		.thumb_func
 473              		.fpu fpv4-sp-d16
 475              	main:
 476              	.LFB123:
  71:Src/main.c    ****   /* USER CODE BEGIN 1 */
 477              		.loc 1 71 1 is_stmt 1 view -0
 478              		.cfi_startproc
 479              		@ Volatile: function does not return.
 480              		@ args = 0, pretend = 0, frame = 0
 481              		@ frame_needed = 0, uses_anonymous_args = 0
 482 0000 08B5     		push	{r3, lr}
 483              	.LCFI10:
 484              		.cfi_def_cfa_offset 8
 485              		.cfi_offset 3, -8
 486              		.cfi_offset 14, -4
  79:Src/main.c    **** 
 487              		.loc 1 79 3 view .LVU151
 488 0002 FFF7FEFF 		bl	HAL_Init
 489              	.LVL12:
  86:Src/main.c    **** 
 490              		.loc 1 86 3 view .LVU152
ARM GAS  C:\Users\joopt\AppData\Local\Temp\ccIlN2sE.s 			page 16


 491 0006 FFF7FEFF 		bl	SystemClock_Config
 492              	.LVL13:
  93:Src/main.c    ****   MX_TIM1_Init();
 493              		.loc 1 93 3 view .LVU153
 494 000a FFF7FEFF 		bl	MX_GPIO_Init
 495              	.LVL14:
  94:Src/main.c    ****   MX_USART2_UART_Init();
 496              		.loc 1 94 3 view .LVU154
 497 000e FFF7FEFF 		bl	MX_TIM1_Init
 498              	.LVL15:
  95:Src/main.c    ****   /* USER CODE BEGIN 2 */
 499              		.loc 1 95 3 view .LVU155
 500 0012 FFF7FEFF 		bl	MX_USART2_UART_Init
 501              	.LVL16:
 502              	.L16:
 102:Src/main.c    ****   {
 503              		.loc 1 102 3 discriminator 1 view .LVU156
 107:Src/main.c    ****   /* USER CODE END 3 */
 504              		.loc 1 107 3 discriminator 1 view .LVU157
 102:Src/main.c    ****   {
 505              		.loc 1 102 9 discriminator 1 view .LVU158
 506 0016 FEE7     		b	.L16
 507              		.cfi_endproc
 508              	.LFE123:
 510              		.section	.text.Error_Handler,"ax",%progbits
 511              		.align	1
 512              		.global	Error_Handler
 513              		.syntax unified
 514              		.thumb
 515              		.thumb_func
 516              		.fpu fpv4-sp-d16
 518              	Error_Handler:
 519              	.LFB128:
 274:Src/main.c    **** 
 275:Src/main.c    **** /* USER CODE BEGIN 4 */
 276:Src/main.c    **** 
 277:Src/main.c    **** /* USER CODE END 4 */
 278:Src/main.c    **** 
 279:Src/main.c    **** /**
 280:Src/main.c    ****   * @brief  This function is executed in case of error occurrence.
 281:Src/main.c    ****   * @retval None
 282:Src/main.c    ****   */
 283:Src/main.c    **** void Error_Handler(void)
 284:Src/main.c    **** {
 520              		.loc 1 284 1 view -0
 521              		.cfi_startproc
 522              		@ args = 0, pretend = 0, frame = 0
 523              		@ frame_needed = 0, uses_anonymous_args = 0
 524              		@ link register save eliminated.
 285:Src/main.c    ****   /* USER CODE BEGIN Error_Handler_Debug */
 286:Src/main.c    ****   /* User can add his own implementation to report the HAL error return state */
 287:Src/main.c    **** 
 288:Src/main.c    ****   /* USER CODE END Error_Handler_Debug */
 289:Src/main.c    **** }
 525              		.loc 1 289 1 view .LVU160
 526 0000 7047     		bx	lr
 527              		.cfi_endproc
ARM GAS  C:\Users\joopt\AppData\Local\Temp\ccIlN2sE.s 			page 17


 528              	.LFE128:
 530              		.comm	huart2,128,4
 531              		.comm	htim1,64,4
 532              		.text
 533              	.Letext0:
 534              		.file 2 "c:\\program files (x86)\\gnu arm embedded toolchain\\9 2020-q2-update\\arm-none-eabi\\inc
 535              		.file 3 "c:\\program files (x86)\\gnu arm embedded toolchain\\9 2020-q2-update\\arm-none-eabi\\inc
 536              		.file 4 "Drivers/CMSIS/Include/core_cm4.h"
 537              		.file 5 "Drivers/CMSIS/Device/ST/STM32F3xx/Include/system_stm32f3xx.h"
 538              		.file 6 "Drivers/CMSIS/Device/ST/STM32F3xx/Include/stm32f302x8.h"
 539              		.file 7 "Drivers/STM32F3xx_HAL_Driver/Inc/stm32f3xx_hal_def.h"
 540              		.file 8 "Drivers/STM32F3xx_HAL_Driver/Inc/stm32f3xx_hal_rcc.h"
 541              		.file 9 "Drivers/STM32F3xx_HAL_Driver/Inc/stm32f3xx_hal_rcc_ex.h"
 542              		.file 10 "Drivers/STM32F3xx_HAL_Driver/Inc/stm32f3xx_hal_gpio.h"
 543              		.file 11 "Drivers/STM32F3xx_HAL_Driver/Inc/stm32f3xx_hal_dma.h"
 544              		.file 12 "Drivers/STM32F3xx_HAL_Driver/Inc/stm32f3xx_hal_tim.h"
 545              		.file 13 "Drivers/STM32F3xx_HAL_Driver/Inc/stm32f3xx_hal_uart.h"
 546              		.file 14 "Drivers/STM32F3xx_HAL_Driver/Inc/stm32f3xx_hal.h"
 547              		.file 15 "Drivers/STM32F3xx_HAL_Driver/Inc/stm32f3xx_hal_tim_ex.h"
 548              		.file 16 "<built-in>"
ARM GAS  C:\Users\joopt\AppData\Local\Temp\ccIlN2sE.s 			page 18


DEFINED SYMBOLS
                            *ABS*:00000000 main.c
C:\Users\joopt\AppData\Local\Temp\ccIlN2sE.s:18     .text.MX_GPIO_Init:00000000 $t
C:\Users\joopt\AppData\Local\Temp\ccIlN2sE.s:25     .text.MX_GPIO_Init:00000000 MX_GPIO_Init
C:\Users\joopt\AppData\Local\Temp\ccIlN2sE.s:177    .text.MX_GPIO_Init:000000a8 $d
C:\Users\joopt\AppData\Local\Temp\ccIlN2sE.s:185    .text.MX_TIM1_Init:00000000 $t
C:\Users\joopt\AppData\Local\Temp\ccIlN2sE.s:191    .text.MX_TIM1_Init:00000000 MX_TIM1_Init
C:\Users\joopt\AppData\Local\Temp\ccIlN2sE.s:280    .text.MX_TIM1_Init:0000004c $d
                            *COM*:00000040 htim1
C:\Users\joopt\AppData\Local\Temp\ccIlN2sE.s:286    .text.MX_USART2_UART_Init:00000000 $t
C:\Users\joopt\AppData\Local\Temp\ccIlN2sE.s:292    .text.MX_USART2_UART_Init:00000000 MX_USART2_UART_Init
C:\Users\joopt\AppData\Local\Temp\ccIlN2sE.s:347    .text.MX_USART2_UART_Init:00000028 $d
                            *COM*:00000080 huart2
C:\Users\joopt\AppData\Local\Temp\ccIlN2sE.s:353    .text.SystemClock_Config:00000000 $t
C:\Users\joopt\AppData\Local\Temp\ccIlN2sE.s:360    .text.SystemClock_Config:00000000 SystemClock_Config
C:\Users\joopt\AppData\Local\Temp\ccIlN2sE.s:468    .text.main:00000000 $t
C:\Users\joopt\AppData\Local\Temp\ccIlN2sE.s:475    .text.main:00000000 main
C:\Users\joopt\AppData\Local\Temp\ccIlN2sE.s:511    .text.Error_Handler:00000000 $t
C:\Users\joopt\AppData\Local\Temp\ccIlN2sE.s:518    .text.Error_Handler:00000000 Error_Handler

UNDEFINED SYMBOLS
HAL_GPIO_WritePin
HAL_GPIO_Init
HAL_TIM_Base_Init
HAL_TIM_ConfigClockSource
HAL_TIMEx_MasterConfigSynchronization
HAL_UART_Init
memset
HAL_RCC_OscConfig
HAL_RCC_ClockConfig
HAL_RCCEx_PeriphCLKConfig
HAL_Init
