ARM GAS  C:\Users\joopt\AppData\Local\Temp\ccMoUM6p.s 			page 1


   1              		.cpu cortex-m4
   2              		.eabi_attribute 27, 1
   3              		.eabi_attribute 28, 1
   4              		.eabi_attribute 20, 1
   5              		.eabi_attribute 21, 1
   6              		.eabi_attribute 23, 3
   7              		.eabi_attribute 24, 1
   8              		.eabi_attribute 25, 1
   9              		.eabi_attribute 26, 1
  10              		.eabi_attribute 30, 1
  11              		.eabi_attribute 34, 1
  12              		.eabi_attribute 18, 4
  13              		.file	"stm32f3xx_hal_msp.c"
  14              		.text
  15              	.Ltext0:
  16              		.cfi_sections	.debug_frame
  17              		.section	.text.HAL_MspInit,"ax",%progbits
  18              		.align	1
  19              		.global	HAL_MspInit
  20              		.arch armv7e-m
  21              		.syntax unified
  22              		.thumb
  23              		.thumb_func
  24              		.fpu fpv4-sp-d16
  26              	HAL_MspInit:
  27              	.LFB123:
  28              		.file 1 "Src/stm32f3xx_hal_msp.c"
   1:Src/stm32f3xx_hal_msp.c **** /* USER CODE BEGIN Header */
   2:Src/stm32f3xx_hal_msp.c **** /**
   3:Src/stm32f3xx_hal_msp.c ****   ******************************************************************************
   4:Src/stm32f3xx_hal_msp.c ****   * File Name          : stm32f3xx_hal_msp.c
   5:Src/stm32f3xx_hal_msp.c ****   * Description        : This file provides code for the MSP Initialization 
   6:Src/stm32f3xx_hal_msp.c ****   *                      and de-Initialization codes.
   7:Src/stm32f3xx_hal_msp.c ****   ******************************************************************************
   8:Src/stm32f3xx_hal_msp.c ****   * @attention
   9:Src/stm32f3xx_hal_msp.c ****   *
  10:Src/stm32f3xx_hal_msp.c ****   * <h2><center>&copy; Copyright (c) 2020 STMicroelectronics.
  11:Src/stm32f3xx_hal_msp.c ****   * All rights reserved.</center></h2>
  12:Src/stm32f3xx_hal_msp.c ****   *
  13:Src/stm32f3xx_hal_msp.c ****   * This software component is licensed by ST under BSD 3-Clause license,
  14:Src/stm32f3xx_hal_msp.c ****   * the "License"; You may not use this file except in compliance with the
  15:Src/stm32f3xx_hal_msp.c ****   * License. You may obtain a copy of the License at:
  16:Src/stm32f3xx_hal_msp.c ****   *                        opensource.org/licenses/BSD-3-Clause
  17:Src/stm32f3xx_hal_msp.c ****   *
  18:Src/stm32f3xx_hal_msp.c ****   ******************************************************************************
  19:Src/stm32f3xx_hal_msp.c ****   */
  20:Src/stm32f3xx_hal_msp.c **** /* USER CODE END Header */
  21:Src/stm32f3xx_hal_msp.c **** 
  22:Src/stm32f3xx_hal_msp.c **** /* Includes ------------------------------------------------------------------*/
  23:Src/stm32f3xx_hal_msp.c **** #include "main.h"
  24:Src/stm32f3xx_hal_msp.c **** /* USER CODE BEGIN Includes */
  25:Src/stm32f3xx_hal_msp.c **** 
  26:Src/stm32f3xx_hal_msp.c **** /* USER CODE END Includes */
  27:Src/stm32f3xx_hal_msp.c **** 
  28:Src/stm32f3xx_hal_msp.c **** /* Private typedef -----------------------------------------------------------*/
  29:Src/stm32f3xx_hal_msp.c **** /* USER CODE BEGIN TD */
  30:Src/stm32f3xx_hal_msp.c **** 
ARM GAS  C:\Users\joopt\AppData\Local\Temp\ccMoUM6p.s 			page 2


  31:Src/stm32f3xx_hal_msp.c **** /* USER CODE END TD */
  32:Src/stm32f3xx_hal_msp.c **** 
  33:Src/stm32f3xx_hal_msp.c **** /* Private define ------------------------------------------------------------*/
  34:Src/stm32f3xx_hal_msp.c **** /* USER CODE BEGIN Define */
  35:Src/stm32f3xx_hal_msp.c ****  
  36:Src/stm32f3xx_hal_msp.c **** /* USER CODE END Define */
  37:Src/stm32f3xx_hal_msp.c **** 
  38:Src/stm32f3xx_hal_msp.c **** /* Private macro -------------------------------------------------------------*/
  39:Src/stm32f3xx_hal_msp.c **** /* USER CODE BEGIN Macro */
  40:Src/stm32f3xx_hal_msp.c **** 
  41:Src/stm32f3xx_hal_msp.c **** /* USER CODE END Macro */
  42:Src/stm32f3xx_hal_msp.c **** 
  43:Src/stm32f3xx_hal_msp.c **** /* Private variables ---------------------------------------------------------*/
  44:Src/stm32f3xx_hal_msp.c **** /* USER CODE BEGIN PV */
  45:Src/stm32f3xx_hal_msp.c **** 
  46:Src/stm32f3xx_hal_msp.c **** /* USER CODE END PV */
  47:Src/stm32f3xx_hal_msp.c **** 
  48:Src/stm32f3xx_hal_msp.c **** /* Private function prototypes -----------------------------------------------*/
  49:Src/stm32f3xx_hal_msp.c **** /* USER CODE BEGIN PFP */
  50:Src/stm32f3xx_hal_msp.c **** 
  51:Src/stm32f3xx_hal_msp.c **** /* USER CODE END PFP */
  52:Src/stm32f3xx_hal_msp.c **** 
  53:Src/stm32f3xx_hal_msp.c **** /* External functions --------------------------------------------------------*/
  54:Src/stm32f3xx_hal_msp.c **** /* USER CODE BEGIN ExternalFunctions */
  55:Src/stm32f3xx_hal_msp.c **** 
  56:Src/stm32f3xx_hal_msp.c **** /* USER CODE END ExternalFunctions */
  57:Src/stm32f3xx_hal_msp.c **** 
  58:Src/stm32f3xx_hal_msp.c **** /* USER CODE BEGIN 0 */
  59:Src/stm32f3xx_hal_msp.c **** 
  60:Src/stm32f3xx_hal_msp.c **** /* USER CODE END 0 */
  61:Src/stm32f3xx_hal_msp.c **** /**
  62:Src/stm32f3xx_hal_msp.c ****   * Initializes the Global MSP.
  63:Src/stm32f3xx_hal_msp.c ****   */
  64:Src/stm32f3xx_hal_msp.c **** void HAL_MspInit(void)
  65:Src/stm32f3xx_hal_msp.c **** {
  29              		.loc 1 65 1 view -0
  30              		.cfi_startproc
  31              		@ args = 0, pretend = 0, frame = 8
  32              		@ frame_needed = 0, uses_anonymous_args = 0
  33 0000 00B5     		push	{lr}
  34              	.LCFI0:
  35              		.cfi_def_cfa_offset 4
  36              		.cfi_offset 14, -4
  37 0002 83B0     		sub	sp, sp, #12
  38              	.LCFI1:
  39              		.cfi_def_cfa_offset 16
  66:Src/stm32f3xx_hal_msp.c ****   /* USER CODE BEGIN MspInit 0 */
  67:Src/stm32f3xx_hal_msp.c **** 
  68:Src/stm32f3xx_hal_msp.c ****   /* USER CODE END MspInit 0 */
  69:Src/stm32f3xx_hal_msp.c **** 
  70:Src/stm32f3xx_hal_msp.c ****   __HAL_RCC_SYSCFG_CLK_ENABLE();
  40              		.loc 1 70 3 view .LVU1
  41              	.LBB2:
  42              		.loc 1 70 3 view .LVU2
  43              		.loc 1 70 3 view .LVU3
  44 0004 0C4B     		ldr	r3, .L3
  45 0006 9A69     		ldr	r2, [r3, #24]
ARM GAS  C:\Users\joopt\AppData\Local\Temp\ccMoUM6p.s 			page 3


  46 0008 42F00102 		orr	r2, r2, #1
  47 000c 9A61     		str	r2, [r3, #24]
  48              		.loc 1 70 3 view .LVU4
  49 000e 9A69     		ldr	r2, [r3, #24]
  50 0010 02F00102 		and	r2, r2, #1
  51 0014 0092     		str	r2, [sp]
  52              		.loc 1 70 3 view .LVU5
  53 0016 009A     		ldr	r2, [sp]
  54              	.LBE2:
  55              		.loc 1 70 3 view .LVU6
  71:Src/stm32f3xx_hal_msp.c ****   __HAL_RCC_PWR_CLK_ENABLE();
  56              		.loc 1 71 3 view .LVU7
  57              	.LBB3:
  58              		.loc 1 71 3 view .LVU8
  59              		.loc 1 71 3 view .LVU9
  60 0018 DA69     		ldr	r2, [r3, #28]
  61 001a 42F08052 		orr	r2, r2, #268435456
  62 001e DA61     		str	r2, [r3, #28]
  63              		.loc 1 71 3 view .LVU10
  64 0020 DB69     		ldr	r3, [r3, #28]
  65 0022 03F08053 		and	r3, r3, #268435456
  66 0026 0193     		str	r3, [sp, #4]
  67              		.loc 1 71 3 view .LVU11
  68 0028 019B     		ldr	r3, [sp, #4]
  69              	.LBE3:
  70              		.loc 1 71 3 view .LVU12
  72:Src/stm32f3xx_hal_msp.c **** 
  73:Src/stm32f3xx_hal_msp.c ****   HAL_NVIC_SetPriorityGrouping(NVIC_PRIORITYGROUP_0);
  71              		.loc 1 73 3 view .LVU13
  72 002a 0720     		movs	r0, #7
  73 002c FFF7FEFF 		bl	HAL_NVIC_SetPriorityGrouping
  74              	.LVL0:
  74:Src/stm32f3xx_hal_msp.c **** 
  75:Src/stm32f3xx_hal_msp.c ****   /* System interrupt init*/
  76:Src/stm32f3xx_hal_msp.c **** 
  77:Src/stm32f3xx_hal_msp.c ****   /* USER CODE BEGIN MspInit 1 */
  78:Src/stm32f3xx_hal_msp.c **** 
  79:Src/stm32f3xx_hal_msp.c ****   /* USER CODE END MspInit 1 */
  80:Src/stm32f3xx_hal_msp.c **** }
  75              		.loc 1 80 1 is_stmt 0 view .LVU14
  76 0030 03B0     		add	sp, sp, #12
  77              	.LCFI2:
  78              		.cfi_def_cfa_offset 4
  79              		@ sp needed
  80 0032 5DF804FB 		ldr	pc, [sp], #4
  81              	.L4:
  82 0036 00BF     		.align	2
  83              	.L3:
  84 0038 00100240 		.word	1073876992
  85              		.cfi_endproc
  86              	.LFE123:
  88              		.section	.text.HAL_TIM_Base_MspInit,"ax",%progbits
  89              		.align	1
  90              		.global	HAL_TIM_Base_MspInit
  91              		.syntax unified
  92              		.thumb
  93              		.thumb_func
ARM GAS  C:\Users\joopt\AppData\Local\Temp\ccMoUM6p.s 			page 4


  94              		.fpu fpv4-sp-d16
  96              	HAL_TIM_Base_MspInit:
  97              	.LVL1:
  98              	.LFB124:
  81:Src/stm32f3xx_hal_msp.c **** 
  82:Src/stm32f3xx_hal_msp.c **** /**
  83:Src/stm32f3xx_hal_msp.c **** * @brief TIM_Base MSP Initialization
  84:Src/stm32f3xx_hal_msp.c **** * This function configures the hardware resources used in this example
  85:Src/stm32f3xx_hal_msp.c **** * @param htim_base: TIM_Base handle pointer
  86:Src/stm32f3xx_hal_msp.c **** * @retval None
  87:Src/stm32f3xx_hal_msp.c **** */
  88:Src/stm32f3xx_hal_msp.c **** void HAL_TIM_Base_MspInit(TIM_HandleTypeDef* htim_base)
  89:Src/stm32f3xx_hal_msp.c **** {
  99              		.loc 1 89 1 is_stmt 1 view -0
 100              		.cfi_startproc
 101              		@ args = 0, pretend = 0, frame = 8
 102              		@ frame_needed = 0, uses_anonymous_args = 0
 103              		@ link register save eliminated.
  90:Src/stm32f3xx_hal_msp.c ****   if(htim_base->Instance==TIM1)
 104              		.loc 1 90 3 view .LVU16
 105              		.loc 1 90 15 is_stmt 0 view .LVU17
 106 0000 0268     		ldr	r2, [r0]
 107              		.loc 1 90 5 view .LVU18
 108 0002 094B     		ldr	r3, .L12
 109 0004 9A42     		cmp	r2, r3
 110 0006 00D0     		beq	.L11
 111 0008 7047     		bx	lr
 112              	.L11:
  89:Src/stm32f3xx_hal_msp.c ****   if(htim_base->Instance==TIM1)
 113              		.loc 1 89 1 view .LVU19
 114 000a 82B0     		sub	sp, sp, #8
 115              	.LCFI3:
 116              		.cfi_def_cfa_offset 8
  91:Src/stm32f3xx_hal_msp.c ****   {
  92:Src/stm32f3xx_hal_msp.c ****   /* USER CODE BEGIN TIM1_MspInit 0 */
  93:Src/stm32f3xx_hal_msp.c **** 
  94:Src/stm32f3xx_hal_msp.c ****   /* USER CODE END TIM1_MspInit 0 */
  95:Src/stm32f3xx_hal_msp.c ****     /* Peripheral clock enable */
  96:Src/stm32f3xx_hal_msp.c ****     __HAL_RCC_TIM1_CLK_ENABLE();
 117              		.loc 1 96 5 is_stmt 1 view .LVU20
 118              	.LBB4:
 119              		.loc 1 96 5 view .LVU21
 120              		.loc 1 96 5 view .LVU22
 121 000c 03F56443 		add	r3, r3, #58368
 122 0010 9A69     		ldr	r2, [r3, #24]
 123 0012 42F40062 		orr	r2, r2, #2048
 124 0016 9A61     		str	r2, [r3, #24]
 125              		.loc 1 96 5 view .LVU23
 126 0018 9B69     		ldr	r3, [r3, #24]
 127 001a 03F40063 		and	r3, r3, #2048
 128 001e 0193     		str	r3, [sp, #4]
 129              		.loc 1 96 5 view .LVU24
 130 0020 019B     		ldr	r3, [sp, #4]
 131              	.LBE4:
 132              		.loc 1 96 5 view .LVU25
  97:Src/stm32f3xx_hal_msp.c ****   /* USER CODE BEGIN TIM1_MspInit 1 */
  98:Src/stm32f3xx_hal_msp.c **** 
ARM GAS  C:\Users\joopt\AppData\Local\Temp\ccMoUM6p.s 			page 5


  99:Src/stm32f3xx_hal_msp.c ****   /* USER CODE END TIM1_MspInit 1 */
 100:Src/stm32f3xx_hal_msp.c ****   }
 101:Src/stm32f3xx_hal_msp.c **** 
 102:Src/stm32f3xx_hal_msp.c **** }
 133              		.loc 1 102 1 is_stmt 0 view .LVU26
 134 0022 02B0     		add	sp, sp, #8
 135              	.LCFI4:
 136              		.cfi_def_cfa_offset 0
 137              		@ sp needed
 138 0024 7047     		bx	lr
 139              	.L13:
 140 0026 00BF     		.align	2
 141              	.L12:
 142 0028 002C0140 		.word	1073818624
 143              		.cfi_endproc
 144              	.LFE124:
 146              		.section	.text.HAL_TIM_Base_MspDeInit,"ax",%progbits
 147              		.align	1
 148              		.global	HAL_TIM_Base_MspDeInit
 149              		.syntax unified
 150              		.thumb
 151              		.thumb_func
 152              		.fpu fpv4-sp-d16
 154              	HAL_TIM_Base_MspDeInit:
 155              	.LVL2:
 156              	.LFB125:
 103:Src/stm32f3xx_hal_msp.c **** 
 104:Src/stm32f3xx_hal_msp.c **** /**
 105:Src/stm32f3xx_hal_msp.c **** * @brief TIM_Base MSP De-Initialization
 106:Src/stm32f3xx_hal_msp.c **** * This function freeze the hardware resources used in this example
 107:Src/stm32f3xx_hal_msp.c **** * @param htim_base: TIM_Base handle pointer
 108:Src/stm32f3xx_hal_msp.c **** * @retval None
 109:Src/stm32f3xx_hal_msp.c **** */
 110:Src/stm32f3xx_hal_msp.c **** void HAL_TIM_Base_MspDeInit(TIM_HandleTypeDef* htim_base)
 111:Src/stm32f3xx_hal_msp.c **** {
 157              		.loc 1 111 1 is_stmt 1 view -0
 158              		.cfi_startproc
 159              		@ args = 0, pretend = 0, frame = 0
 160              		@ frame_needed = 0, uses_anonymous_args = 0
 161              		@ link register save eliminated.
 112:Src/stm32f3xx_hal_msp.c ****   if(htim_base->Instance==TIM1)
 162              		.loc 1 112 3 view .LVU28
 163              		.loc 1 112 15 is_stmt 0 view .LVU29
 164 0000 0268     		ldr	r2, [r0]
 165              		.loc 1 112 5 view .LVU30
 166 0002 054B     		ldr	r3, .L17
 167 0004 9A42     		cmp	r2, r3
 168 0006 00D0     		beq	.L16
 169              	.L14:
 113:Src/stm32f3xx_hal_msp.c ****   {
 114:Src/stm32f3xx_hal_msp.c ****   /* USER CODE BEGIN TIM1_MspDeInit 0 */
 115:Src/stm32f3xx_hal_msp.c **** 
 116:Src/stm32f3xx_hal_msp.c ****   /* USER CODE END TIM1_MspDeInit 0 */
 117:Src/stm32f3xx_hal_msp.c ****     /* Peripheral clock disable */
 118:Src/stm32f3xx_hal_msp.c ****     __HAL_RCC_TIM1_CLK_DISABLE();
 119:Src/stm32f3xx_hal_msp.c ****   /* USER CODE BEGIN TIM1_MspDeInit 1 */
 120:Src/stm32f3xx_hal_msp.c **** 
ARM GAS  C:\Users\joopt\AppData\Local\Temp\ccMoUM6p.s 			page 6


 121:Src/stm32f3xx_hal_msp.c ****   /* USER CODE END TIM1_MspDeInit 1 */
 122:Src/stm32f3xx_hal_msp.c ****   }
 123:Src/stm32f3xx_hal_msp.c **** 
 124:Src/stm32f3xx_hal_msp.c **** }
 170              		.loc 1 124 1 view .LVU31
 171 0008 7047     		bx	lr
 172              	.L16:
 118:Src/stm32f3xx_hal_msp.c ****   /* USER CODE BEGIN TIM1_MspDeInit 1 */
 173              		.loc 1 118 5 is_stmt 1 view .LVU32
 174 000a 044A     		ldr	r2, .L17+4
 175 000c 9369     		ldr	r3, [r2, #24]
 176 000e 23F40063 		bic	r3, r3, #2048
 177 0012 9361     		str	r3, [r2, #24]
 178              		.loc 1 124 1 is_stmt 0 view .LVU33
 179 0014 F8E7     		b	.L14
 180              	.L18:
 181 0016 00BF     		.align	2
 182              	.L17:
 183 0018 002C0140 		.word	1073818624
 184 001c 00100240 		.word	1073876992
 185              		.cfi_endproc
 186              	.LFE125:
 188              		.section	.text.HAL_UART_MspInit,"ax",%progbits
 189              		.align	1
 190              		.global	HAL_UART_MspInit
 191              		.syntax unified
 192              		.thumb
 193              		.thumb_func
 194              		.fpu fpv4-sp-d16
 196              	HAL_UART_MspInit:
 197              	.LVL3:
 198              	.LFB126:
 125:Src/stm32f3xx_hal_msp.c **** 
 126:Src/stm32f3xx_hal_msp.c **** /**
 127:Src/stm32f3xx_hal_msp.c **** * @brief UART MSP Initialization
 128:Src/stm32f3xx_hal_msp.c **** * This function configures the hardware resources used in this example
 129:Src/stm32f3xx_hal_msp.c **** * @param huart: UART handle pointer
 130:Src/stm32f3xx_hal_msp.c **** * @retval None
 131:Src/stm32f3xx_hal_msp.c **** */
 132:Src/stm32f3xx_hal_msp.c **** void HAL_UART_MspInit(UART_HandleTypeDef* huart)
 133:Src/stm32f3xx_hal_msp.c **** {
 199              		.loc 1 133 1 is_stmt 1 view -0
 200              		.cfi_startproc
 201              		@ args = 0, pretend = 0, frame = 32
 202              		@ frame_needed = 0, uses_anonymous_args = 0
 203              		.loc 1 133 1 is_stmt 0 view .LVU35
 204 0000 00B5     		push	{lr}
 205              	.LCFI5:
 206              		.cfi_def_cfa_offset 4
 207              		.cfi_offset 14, -4
 208 0002 89B0     		sub	sp, sp, #36
 209              	.LCFI6:
 210              		.cfi_def_cfa_offset 40
 134:Src/stm32f3xx_hal_msp.c ****   GPIO_InitTypeDef GPIO_InitStruct = {0};
 211              		.loc 1 134 3 is_stmt 1 view .LVU36
 212              		.loc 1 134 20 is_stmt 0 view .LVU37
 213 0004 0023     		movs	r3, #0
ARM GAS  C:\Users\joopt\AppData\Local\Temp\ccMoUM6p.s 			page 7


 214 0006 0393     		str	r3, [sp, #12]
 215 0008 0493     		str	r3, [sp, #16]
 216 000a 0593     		str	r3, [sp, #20]
 217 000c 0693     		str	r3, [sp, #24]
 218 000e 0793     		str	r3, [sp, #28]
 135:Src/stm32f3xx_hal_msp.c ****   if(huart->Instance==USART2)
 219              		.loc 1 135 3 is_stmt 1 view .LVU38
 220              		.loc 1 135 11 is_stmt 0 view .LVU39
 221 0010 0268     		ldr	r2, [r0]
 222              		.loc 1 135 5 view .LVU40
 223 0012 144B     		ldr	r3, .L23
 224 0014 9A42     		cmp	r2, r3
 225 0016 02D0     		beq	.L22
 226              	.LVL4:
 227              	.L19:
 136:Src/stm32f3xx_hal_msp.c ****   {
 137:Src/stm32f3xx_hal_msp.c ****   /* USER CODE BEGIN USART2_MspInit 0 */
 138:Src/stm32f3xx_hal_msp.c **** 
 139:Src/stm32f3xx_hal_msp.c ****   /* USER CODE END USART2_MspInit 0 */
 140:Src/stm32f3xx_hal_msp.c ****     /* Peripheral clock enable */
 141:Src/stm32f3xx_hal_msp.c ****     __HAL_RCC_USART2_CLK_ENABLE();
 142:Src/stm32f3xx_hal_msp.c ****   
 143:Src/stm32f3xx_hal_msp.c ****     __HAL_RCC_GPIOA_CLK_ENABLE();
 144:Src/stm32f3xx_hal_msp.c ****     /**USART2 GPIO Configuration    
 145:Src/stm32f3xx_hal_msp.c ****     PA2     ------> USART2_TX
 146:Src/stm32f3xx_hal_msp.c ****     PA3     ------> USART2_RX 
 147:Src/stm32f3xx_hal_msp.c ****     */
 148:Src/stm32f3xx_hal_msp.c ****     GPIO_InitStruct.Pin = USART_TX_Pin|USART_RX_Pin;
 149:Src/stm32f3xx_hal_msp.c ****     GPIO_InitStruct.Mode = GPIO_MODE_AF_PP;
 150:Src/stm32f3xx_hal_msp.c ****     GPIO_InitStruct.Pull = GPIO_NOPULL;
 151:Src/stm32f3xx_hal_msp.c ****     GPIO_InitStruct.Speed = GPIO_SPEED_FREQ_LOW;
 152:Src/stm32f3xx_hal_msp.c ****     GPIO_InitStruct.Alternate = GPIO_AF7_USART2;
 153:Src/stm32f3xx_hal_msp.c ****     HAL_GPIO_Init(GPIOA, &GPIO_InitStruct);
 154:Src/stm32f3xx_hal_msp.c **** 
 155:Src/stm32f3xx_hal_msp.c ****   /* USER CODE BEGIN USART2_MspInit 1 */
 156:Src/stm32f3xx_hal_msp.c **** 
 157:Src/stm32f3xx_hal_msp.c ****   /* USER CODE END USART2_MspInit 1 */
 158:Src/stm32f3xx_hal_msp.c ****   }
 159:Src/stm32f3xx_hal_msp.c **** 
 160:Src/stm32f3xx_hal_msp.c **** }
 228              		.loc 1 160 1 view .LVU41
 229 0018 09B0     		add	sp, sp, #36
 230              	.LCFI7:
 231              		.cfi_remember_state
 232              		.cfi_def_cfa_offset 4
 233              		@ sp needed
 234 001a 5DF804FB 		ldr	pc, [sp], #4
 235              	.LVL5:
 236              	.L22:
 237              	.LCFI8:
 238              		.cfi_restore_state
 141:Src/stm32f3xx_hal_msp.c ****   
 239              		.loc 1 141 5 is_stmt 1 view .LVU42
 240              	.LBB5:
 141:Src/stm32f3xx_hal_msp.c ****   
 241              		.loc 1 141 5 view .LVU43
 141:Src/stm32f3xx_hal_msp.c ****   
ARM GAS  C:\Users\joopt\AppData\Local\Temp\ccMoUM6p.s 			page 8


 242              		.loc 1 141 5 view .LVU44
 243 001e 03F5E633 		add	r3, r3, #117760
 244 0022 DA69     		ldr	r2, [r3, #28]
 245 0024 42F40032 		orr	r2, r2, #131072
 246 0028 DA61     		str	r2, [r3, #28]
 141:Src/stm32f3xx_hal_msp.c ****   
 247              		.loc 1 141 5 view .LVU45
 248 002a DA69     		ldr	r2, [r3, #28]
 249 002c 02F40032 		and	r2, r2, #131072
 250 0030 0192     		str	r2, [sp, #4]
 141:Src/stm32f3xx_hal_msp.c ****   
 251              		.loc 1 141 5 view .LVU46
 252 0032 019A     		ldr	r2, [sp, #4]
 253              	.LBE5:
 141:Src/stm32f3xx_hal_msp.c ****   
 254              		.loc 1 141 5 view .LVU47
 143:Src/stm32f3xx_hal_msp.c ****     /**USART2 GPIO Configuration    
 255              		.loc 1 143 5 view .LVU48
 256              	.LBB6:
 143:Src/stm32f3xx_hal_msp.c ****     /**USART2 GPIO Configuration    
 257              		.loc 1 143 5 view .LVU49
 143:Src/stm32f3xx_hal_msp.c ****     /**USART2 GPIO Configuration    
 258              		.loc 1 143 5 view .LVU50
 259 0034 5A69     		ldr	r2, [r3, #20]
 260 0036 42F40032 		orr	r2, r2, #131072
 261 003a 5A61     		str	r2, [r3, #20]
 143:Src/stm32f3xx_hal_msp.c ****     /**USART2 GPIO Configuration    
 262              		.loc 1 143 5 view .LVU51
 263 003c 5B69     		ldr	r3, [r3, #20]
 264 003e 03F40033 		and	r3, r3, #131072
 265 0042 0293     		str	r3, [sp, #8]
 143:Src/stm32f3xx_hal_msp.c ****     /**USART2 GPIO Configuration    
 266              		.loc 1 143 5 view .LVU52
 267 0044 029B     		ldr	r3, [sp, #8]
 268              	.LBE6:
 143:Src/stm32f3xx_hal_msp.c ****     /**USART2 GPIO Configuration    
 269              		.loc 1 143 5 view .LVU53
 148:Src/stm32f3xx_hal_msp.c ****     GPIO_InitStruct.Mode = GPIO_MODE_AF_PP;
 270              		.loc 1 148 5 view .LVU54
 148:Src/stm32f3xx_hal_msp.c ****     GPIO_InitStruct.Mode = GPIO_MODE_AF_PP;
 271              		.loc 1 148 25 is_stmt 0 view .LVU55
 272 0046 0C23     		movs	r3, #12
 273 0048 0393     		str	r3, [sp, #12]
 149:Src/stm32f3xx_hal_msp.c ****     GPIO_InitStruct.Pull = GPIO_NOPULL;
 274              		.loc 1 149 5 is_stmt 1 view .LVU56
 149:Src/stm32f3xx_hal_msp.c ****     GPIO_InitStruct.Pull = GPIO_NOPULL;
 275              		.loc 1 149 26 is_stmt 0 view .LVU57
 276 004a 0223     		movs	r3, #2
 277 004c 0493     		str	r3, [sp, #16]
 150:Src/stm32f3xx_hal_msp.c ****     GPIO_InitStruct.Speed = GPIO_SPEED_FREQ_LOW;
 278              		.loc 1 150 5 is_stmt 1 view .LVU58
 150:Src/stm32f3xx_hal_msp.c ****     GPIO_InitStruct.Speed = GPIO_SPEED_FREQ_LOW;
 279              		.loc 1 150 26 is_stmt 0 view .LVU59
 280 004e 0023     		movs	r3, #0
 281 0050 0593     		str	r3, [sp, #20]
 151:Src/stm32f3xx_hal_msp.c ****     GPIO_InitStruct.Alternate = GPIO_AF7_USART2;
 282              		.loc 1 151 5 is_stmt 1 view .LVU60
ARM GAS  C:\Users\joopt\AppData\Local\Temp\ccMoUM6p.s 			page 9


 151:Src/stm32f3xx_hal_msp.c ****     GPIO_InitStruct.Alternate = GPIO_AF7_USART2;
 283              		.loc 1 151 27 is_stmt 0 view .LVU61
 284 0052 0693     		str	r3, [sp, #24]
 152:Src/stm32f3xx_hal_msp.c ****     HAL_GPIO_Init(GPIOA, &GPIO_InitStruct);
 285              		.loc 1 152 5 is_stmt 1 view .LVU62
 152:Src/stm32f3xx_hal_msp.c ****     HAL_GPIO_Init(GPIOA, &GPIO_InitStruct);
 286              		.loc 1 152 31 is_stmt 0 view .LVU63
 287 0054 0723     		movs	r3, #7
 288 0056 0793     		str	r3, [sp, #28]
 153:Src/stm32f3xx_hal_msp.c **** 
 289              		.loc 1 153 5 is_stmt 1 view .LVU64
 290 0058 03A9     		add	r1, sp, #12
 291 005a 4FF09040 		mov	r0, #1207959552
 292              	.LVL6:
 153:Src/stm32f3xx_hal_msp.c **** 
 293              		.loc 1 153 5 is_stmt 0 view .LVU65
 294 005e FFF7FEFF 		bl	HAL_GPIO_Init
 295              	.LVL7:
 296              		.loc 1 160 1 view .LVU66
 297 0062 D9E7     		b	.L19
 298              	.L24:
 299              		.align	2
 300              	.L23:
 301 0064 00440040 		.word	1073759232
 302              		.cfi_endproc
 303              	.LFE126:
 305              		.section	.text.HAL_UART_MspDeInit,"ax",%progbits
 306              		.align	1
 307              		.global	HAL_UART_MspDeInit
 308              		.syntax unified
 309              		.thumb
 310              		.thumb_func
 311              		.fpu fpv4-sp-d16
 313              	HAL_UART_MspDeInit:
 314              	.LVL8:
 315              	.LFB127:
 161:Src/stm32f3xx_hal_msp.c **** 
 162:Src/stm32f3xx_hal_msp.c **** /**
 163:Src/stm32f3xx_hal_msp.c **** * @brief UART MSP De-Initialization
 164:Src/stm32f3xx_hal_msp.c **** * This function freeze the hardware resources used in this example
 165:Src/stm32f3xx_hal_msp.c **** * @param huart: UART handle pointer
 166:Src/stm32f3xx_hal_msp.c **** * @retval None
 167:Src/stm32f3xx_hal_msp.c **** */
 168:Src/stm32f3xx_hal_msp.c **** void HAL_UART_MspDeInit(UART_HandleTypeDef* huart)
 169:Src/stm32f3xx_hal_msp.c **** {
 316              		.loc 1 169 1 is_stmt 1 view -0
 317              		.cfi_startproc
 318              		@ args = 0, pretend = 0, frame = 0
 319              		@ frame_needed = 0, uses_anonymous_args = 0
 320              		.loc 1 169 1 is_stmt 0 view .LVU68
 321 0000 08B5     		push	{r3, lr}
 322              	.LCFI9:
 323              		.cfi_def_cfa_offset 8
 324              		.cfi_offset 3, -8
 325              		.cfi_offset 14, -4
 170:Src/stm32f3xx_hal_msp.c ****   if(huart->Instance==USART2)
 326              		.loc 1 170 3 is_stmt 1 view .LVU69
ARM GAS  C:\Users\joopt\AppData\Local\Temp\ccMoUM6p.s 			page 10


 327              		.loc 1 170 11 is_stmt 0 view .LVU70
 328 0002 0268     		ldr	r2, [r0]
 329              		.loc 1 170 5 view .LVU71
 330 0004 074B     		ldr	r3, .L29
 331 0006 9A42     		cmp	r2, r3
 332 0008 00D0     		beq	.L28
 333              	.LVL9:
 334              	.L25:
 171:Src/stm32f3xx_hal_msp.c ****   {
 172:Src/stm32f3xx_hal_msp.c ****   /* USER CODE BEGIN USART2_MspDeInit 0 */
 173:Src/stm32f3xx_hal_msp.c **** 
 174:Src/stm32f3xx_hal_msp.c ****   /* USER CODE END USART2_MspDeInit 0 */
 175:Src/stm32f3xx_hal_msp.c ****     /* Peripheral clock disable */
 176:Src/stm32f3xx_hal_msp.c ****     __HAL_RCC_USART2_CLK_DISABLE();
 177:Src/stm32f3xx_hal_msp.c ****   
 178:Src/stm32f3xx_hal_msp.c ****     /**USART2 GPIO Configuration    
 179:Src/stm32f3xx_hal_msp.c ****     PA2     ------> USART2_TX
 180:Src/stm32f3xx_hal_msp.c ****     PA3     ------> USART2_RX 
 181:Src/stm32f3xx_hal_msp.c ****     */
 182:Src/stm32f3xx_hal_msp.c ****     HAL_GPIO_DeInit(GPIOA, USART_TX_Pin|USART_RX_Pin);
 183:Src/stm32f3xx_hal_msp.c **** 
 184:Src/stm32f3xx_hal_msp.c ****   /* USER CODE BEGIN USART2_MspDeInit 1 */
 185:Src/stm32f3xx_hal_msp.c **** 
 186:Src/stm32f3xx_hal_msp.c ****   /* USER CODE END USART2_MspDeInit 1 */
 187:Src/stm32f3xx_hal_msp.c ****   }
 188:Src/stm32f3xx_hal_msp.c **** 
 189:Src/stm32f3xx_hal_msp.c **** }
 335              		.loc 1 189 1 view .LVU72
 336 000a 08BD     		pop	{r3, pc}
 337              	.LVL10:
 338              	.L28:
 176:Src/stm32f3xx_hal_msp.c ****   
 339              		.loc 1 176 5 is_stmt 1 view .LVU73
 340 000c 064A     		ldr	r2, .L29+4
 341 000e D369     		ldr	r3, [r2, #28]
 342 0010 23F40033 		bic	r3, r3, #131072
 343 0014 D361     		str	r3, [r2, #28]
 182:Src/stm32f3xx_hal_msp.c **** 
 344              		.loc 1 182 5 view .LVU74
 345 0016 0C21     		movs	r1, #12
 346 0018 4FF09040 		mov	r0, #1207959552
 347              	.LVL11:
 182:Src/stm32f3xx_hal_msp.c **** 
 348              		.loc 1 182 5 is_stmt 0 view .LVU75
 349 001c FFF7FEFF 		bl	HAL_GPIO_DeInit
 350              	.LVL12:
 351              		.loc 1 189 1 view .LVU76
 352 0020 F3E7     		b	.L25
 353              	.L30:
 354 0022 00BF     		.align	2
 355              	.L29:
 356 0024 00440040 		.word	1073759232
 357 0028 00100240 		.word	1073876992
 358              		.cfi_endproc
 359              	.LFE127:
 361              		.text
 362              	.Letext0:
ARM GAS  C:\Users\joopt\AppData\Local\Temp\ccMoUM6p.s 			page 11


 363              		.file 2 "c:\\program files (x86)\\gnu arm embedded toolchain\\9 2020-q2-update\\arm-none-eabi\\inc
 364              		.file 3 "c:\\program files (x86)\\gnu arm embedded toolchain\\9 2020-q2-update\\arm-none-eabi\\inc
 365              		.file 4 "Drivers/CMSIS/Include/core_cm4.h"
 366              		.file 5 "Drivers/CMSIS/Device/ST/STM32F3xx/Include/system_stm32f3xx.h"
 367              		.file 6 "Drivers/CMSIS/Device/ST/STM32F3xx/Include/stm32f302x8.h"
 368              		.file 7 "Drivers/STM32F3xx_HAL_Driver/Inc/stm32f3xx_hal_def.h"
 369              		.file 8 "Drivers/STM32F3xx_HAL_Driver/Inc/stm32f3xx_hal_gpio.h"
 370              		.file 9 "Drivers/STM32F3xx_HAL_Driver/Inc/stm32f3xx_hal_dma.h"
 371              		.file 10 "Drivers/STM32F3xx_HAL_Driver/Inc/stm32f3xx_hal_tim.h"
 372              		.file 11 "Drivers/STM32F3xx_HAL_Driver/Inc/stm32f3xx_hal_uart.h"
 373              		.file 12 "Drivers/STM32F3xx_HAL_Driver/Inc/stm32f3xx_hal.h"
 374              		.file 13 "Drivers/STM32F3xx_HAL_Driver/Inc/stm32f3xx_hal_cortex.h"
ARM GAS  C:\Users\joopt\AppData\Local\Temp\ccMoUM6p.s 			page 12


DEFINED SYMBOLS
                            *ABS*:00000000 stm32f3xx_hal_msp.c
C:\Users\joopt\AppData\Local\Temp\ccMoUM6p.s:18     .text.HAL_MspInit:00000000 $t
C:\Users\joopt\AppData\Local\Temp\ccMoUM6p.s:26     .text.HAL_MspInit:00000000 HAL_MspInit
C:\Users\joopt\AppData\Local\Temp\ccMoUM6p.s:84     .text.HAL_MspInit:00000038 $d
C:\Users\joopt\AppData\Local\Temp\ccMoUM6p.s:89     .text.HAL_TIM_Base_MspInit:00000000 $t
C:\Users\joopt\AppData\Local\Temp\ccMoUM6p.s:96     .text.HAL_TIM_Base_MspInit:00000000 HAL_TIM_Base_MspInit
C:\Users\joopt\AppData\Local\Temp\ccMoUM6p.s:142    .text.HAL_TIM_Base_MspInit:00000028 $d
C:\Users\joopt\AppData\Local\Temp\ccMoUM6p.s:147    .text.HAL_TIM_Base_MspDeInit:00000000 $t
C:\Users\joopt\AppData\Local\Temp\ccMoUM6p.s:154    .text.HAL_TIM_Base_MspDeInit:00000000 HAL_TIM_Base_MspDeInit
C:\Users\joopt\AppData\Local\Temp\ccMoUM6p.s:183    .text.HAL_TIM_Base_MspDeInit:00000018 $d
C:\Users\joopt\AppData\Local\Temp\ccMoUM6p.s:189    .text.HAL_UART_MspInit:00000000 $t
C:\Users\joopt\AppData\Local\Temp\ccMoUM6p.s:196    .text.HAL_UART_MspInit:00000000 HAL_UART_MspInit
C:\Users\joopt\AppData\Local\Temp\ccMoUM6p.s:301    .text.HAL_UART_MspInit:00000064 $d
C:\Users\joopt\AppData\Local\Temp\ccMoUM6p.s:306    .text.HAL_UART_MspDeInit:00000000 $t
C:\Users\joopt\AppData\Local\Temp\ccMoUM6p.s:313    .text.HAL_UART_MspDeInit:00000000 HAL_UART_MspDeInit
C:\Users\joopt\AppData\Local\Temp\ccMoUM6p.s:356    .text.HAL_UART_MspDeInit:00000024 $d

UNDEFINED SYMBOLS
HAL_NVIC_SetPriorityGrouping
HAL_GPIO_Init
HAL_GPIO_DeInit
